<?xml version="1.0" encoding="UTF-8"?>
<testsuite name="ca.mcgill.ecse321.gymregistration.repository.CustomerRegistrationTests" tests="1" skipped="0" failures="0" errors="0" timestamp="2024-03-11T19:20:23" hostname="Eriks-MacBook-Air-2.local" time="0.247">
  <properties/>
  <testcase name="testCreateAndReadCustomerRegistration()" classname="ca.mcgill.ecse321.gymregistration.repository.CustomerRegistrationTests" time="0.247"/>
  <system-out><![CDATA[2024-03-11T15:20:22.788-04:00  INFO 86562 --- [    Test worker] t.c.s.AnnotationConfigContextLoaderUtils : Could not detect default configuration classes for test class [ca.mcgill.ecse321.gymregistration.repository.CustomerRegistrationTests]: CustomerRegistrationTests does not declare any static, non-private, non-final, nested classes annotated with @Configuration.
2024-03-11T15:20:22.791-04:00  INFO 86562 --- [    Test worker] .b.t.c.SpringBootTestContextBootstrapper : Found @SpringBootConfiguration ca.mcgill.ecse321.gymregistration.GymregistrationApplication for test class ca.mcgill.ecse321.gymregistration.repository.CustomerRegistrationTests
]]></system-out>
  <system-err><![CDATA[]]></system-err>
</testsuite>
