<?xml version="1.0" encoding="UTF-8"?>
<testsuite name="ca.mcgill.ecse321.gymregistration.service.TestClassTypeService" tests="17" skipped="0" failures="0" errors="0" timestamp="2024-03-22T00:16:59" hostname="Eriks-MacBook-Air-2.local" time="3.827">
  <properties/>
  <testcase name="testUpdateClasstypeNewNameEmpty()" classname="ca.mcgill.ecse321.gymregistration.service.TestClassTypeService" time="3.513"/>
  <testcase name="testCreateClasstype()" classname="ca.mcgill.ecse321.gymregistration.service.TestClassTypeService" time="0.031"/>
  <testcase name="testGetClassTypeNameEmpty()" classname="ca.mcgill.ecse321.gymregistration.service.TestClassTypeService" time="0.019"/>
  <testcase name="testCreateClasstypeNotApproved()" classname="ca.mcgill.ecse321.gymregistration.service.TestClassTypeService" time="0.011"/>
  <testcase name="createClassTypeMaxReached()" classname="ca.mcgill.ecse321.gymregistration.service.TestClassTypeService" time="0.047"/>
  <testcase name="testCreateClasstypeNameNull()" classname="ca.mcgill.ecse321.gymregistration.service.TestClassTypeService" time="0.024"/>
  <testcase name="testGetClassTypeNameNull()" classname="ca.mcgill.ecse321.gymregistration.service.TestClassTypeService" time="0.01"/>
  <testcase name="testUpdateClasstypeNotApproved()" classname="ca.mcgill.ecse321.gymregistration.service.TestClassTypeService" time="0.012"/>
  <testcase name="testCreateClasstypeEmpty()" classname="ca.mcgill.ecse321.gymregistration.service.TestClassTypeService" time="0.009"/>
  <testcase name="testUpdateClasstypeNewNameNull()" classname="ca.mcgill.ecse321.gymregistration.service.TestClassTypeService" time="0.008"/>
  <testcase name="testGetAllClassTypesOneClassTypes()" classname="ca.mcgill.ecse321.gymregistration.service.TestClassTypeService" time="0.013"/>
  <testcase name="testCreateClasstypeAlreadyExists()" classname="ca.mcgill.ecse321.gymregistration.service.TestClassTypeService" time="0.013"/>
  <testcase name="testUpdateClasstypeDoesNotExist()" classname="ca.mcgill.ecse321.gymregistration.service.TestClassTypeService" time="0.007"/>
  <testcase name="testGetAllClassTypeNone()" classname="ca.mcgill.ecse321.gymregistration.service.TestClassTypeService" time="0.012"/>
  <testcase name="testGetAllClassTypesMultiple()" classname="ca.mcgill.ecse321.gymregistration.service.TestClassTypeService" time="0.009"/>
  <testcase name="testGetClassType()" classname="ca.mcgill.ecse321.gymregistration.service.TestClassTypeService" time="0.014"/>
  <testcase name="testUpdateClasstype()" classname="ca.mcgill.ecse321.gymregistration.service.TestClassTypeService" time="0.008"/>
  <system-out><![CDATA[]]></system-out>
  <system-err><![CDATA[WARNING: A Java agent has been loaded dynamically (/Users/erikcupsa/.gradle/caches/modules-2/files-2.1/net.bytebuddy/byte-buddy-agent/1.14.11/f9cb566608fbac6bc7bf54901a7aa11543a989ee/byte-buddy-agent-1.14.11.jar)
WARNING: If a serviceability tool is in use, please run with -XX:+EnableDynamicAgentLoading to hide this warning
WARNING: If a serviceability tool is not in use, please run with -Djdk.instrument.traceUsage for more information
WARNING: Dynamic loading of agents will be disallowed by default in a future release
]]></system-err>
</testsuite>
