<?xml version="1.0" encoding="UTF-8"?>
<testsuite name="ca.mcgill.ecse321.gymregistration.GymregistrationApplicationTests" tests="1" skipped="0" failures="0" errors="0" timestamp="2024-03-22T04:23:25" hostname="MacBook-Pro-5.local" time="0.32">
  <properties/>
  <testcase name="contextLoads()" classname="ca.mcgill.ecse321.gymregistration.GymregistrationApplicationTests" time="0.32"/>
  <system-out><![CDATA[00:23:23.369 [Test worker] INFO org.springframework.test.context.support.AnnotationConfigContextLoaderUtils -- Could not detect default configuration classes for test class [ca.mcgill.ecse321.gymregistration.GymregistrationApplicationTests]: GymregistrationApplicationTests does not declare any static, non-private, non-final, nested classes annotated with @Configuration.
00:23:23.436 [Test worker] INFO org.springframework.boot.test.context.SpringBootTestContextBootstrapper -- Found @SpringBootConfiguration ca.mcgill.ecse321.gymregistration.GymregistrationApplication for test class ca.mcgill.ecse321.gymregistration.GymregistrationApplicationTests

  .   ____          _            __ _ _
 /\\ / ___'_ __ _ _(_)_ __  __ _ \ \ \ \
( ( )\___ | '_ | '_| | '_ \/ _` | \ \ \ \
 \\/  ___)| |_)| | | | | || (_| |  ) ) ) )
  '  |____| .__|_| |_|_| |_\__, | / / / /
 =========|_|==============|___/=/_/_/_/
 :: Spring Boot ::                (v3.2.2)

2024-03-22T00:23:23.643-04:00  INFO 36608 --- [    Test worker] c.m.e.g.GymregistrationApplicationTests  : Starting GymregistrationApplicationTests using Java 21.0.2 with PID 36608 (started by williamzimmerman in /Users/williamzimmerman/Desktop/McGill/Winter2024/ECSE 427/project-group-3/gymregistration)
2024-03-22T00:23:23.643-04:00  INFO 36608 --- [    Test worker] c.m.e.g.GymregistrationApplicationTests  : No active profile set, falling back to 1 default profile: "default"
2024-03-22T00:23:23.959-04:00  INFO 36608 --- [    Test worker] .s.d.r.c.RepositoryConfigurationDelegate : Bootstrapping Spring Data JPA repositories in DEFAULT mode.
2024-03-22T00:23:23.997-04:00  INFO 36608 --- [    Test worker] .s.d.r.c.RepositoryConfigurationDelegate : Finished Spring Data repository scanning in 32 ms. Found 8 JPA repository interfaces.
2024-03-22T00:23:24.227-04:00  INFO 36608 --- [    Test worker] o.hibernate.jpa.internal.util.LogHelper  : HHH000204: Processing PersistenceUnitInfo [name: default]
2024-03-22T00:23:24.269-04:00  INFO 36608 --- [    Test worker] org.hibernate.Version                    : HHH000412: Hibernate ORM core version 6.4.1.Final
2024-03-22T00:23:24.289-04:00  INFO 36608 --- [    Test worker] o.h.c.internal.RegionFactoryInitiator    : HHH000026: Second-level cache disabled
2024-03-22T00:23:24.441-04:00  INFO 36608 --- [    Test worker] o.s.o.j.p.SpringPersistenceUnitInfo      : No LoadTimeWeaver setup: ignoring JPA class transformer
2024-03-22T00:23:24.460-04:00  INFO 36608 --- [    Test worker] com.zaxxer.hikari.HikariDataSource       : HikariPool-1 - Starting...
2024-03-22T00:23:24.596-04:00  INFO 36608 --- [    Test worker] com.zaxxer.hikari.pool.HikariPool        : HikariPool-1 - Added connection org.postgresql.jdbc.PgConnection@3564caf8
2024-03-22T00:23:24.597-04:00  INFO 36608 --- [    Test worker] com.zaxxer.hikari.HikariDataSource       : HikariPool-1 - Start completed.
2024-03-22T00:23:25.268-04:00  INFO 36608 --- [    Test worker] o.h.e.t.j.p.i.JtaPlatformInitiator       : HHH000489: No JTA platform available (set 'hibernate.transaction.jta.platform' to enable JTA platform integration)
2024-03-22T00:23:25.378-04:00  INFO 36608 --- [    Test worker] j.LocalContainerEntityManagerFactoryBean : Initialized JPA EntityManagerFactory for persistence unit 'default'
2024-03-22T00:23:25.746-04:00  WARN 36608 --- [    Test worker] JpaBaseConfiguration$JpaWebConfiguration : spring.jpa.open-in-view is enabled by default. Therefore, database queries may be performed during view rendering. Explicitly configure spring.jpa.open-in-view to disable this warning
2024-03-22T00:23:25.952-04:00  INFO 36608 --- [    Test worker] c.m.e.g.GymregistrationApplicationTests  : Started GymregistrationApplicationTests in 2.433 seconds (process running for 3.328)
]]></system-out>
  <system-err><![CDATA[WARNING: A Java agent has been loaded dynamically (/Users/williamzimmerman/.gradle/caches/modules-2/files-2.1/net.bytebuddy/byte-buddy-agent/1.14.11/f9cb566608fbac6bc7bf54901a7aa11543a989ee/byte-buddy-agent-1.14.11.jar)
WARNING: If a serviceability tool is in use, please run with -XX:+EnableDynamicAgentLoading to hide this warning
WARNING: If a serviceability tool is not in use, please run with -Djdk.instrument.traceUsage for more information
WARNING: Dynamic loading of agents will be disallowed by default in a future release
]]></system-err>
</testsuite>
