<?xml version="1.0" encoding="UTF-8"?>
<testsuite name="ca.mcgill.ecse321.gymregistration.repository.OwnerTests" tests="2" skipped="0" failures="0" errors="0" timestamp="2024-02-19T02:05:40" hostname="Eriks-MacBook-Air.local" time="0.036">
  <properties/>
  <testcase name="testCreateAndReadOwner()" classname="ca.mcgill.ecse321.gymregistration.repository.OwnerTests" time="0.018"/>
  <testcase name="testFindOwnersByPersonName()" classname="ca.mcgill.ecse321.gymregistration.repository.OwnerTests" time="0.017"/>
  <system-out><![CDATA[2024-02-18T21:05:40.030-05:00  INFO 19174 --- [    Test worker] t.c.s.AnnotationConfigContextLoaderUtils : Could not detect default configuration classes for test class [ca.mcgill.ecse321.gymregistration.repository.OwnerTests]: OwnerTests does not declare any static, non-private, non-final, nested classes annotated with @Configuration.
2024-02-18T21:05:40.031-05:00  INFO 19174 --- [    Test worker] .b.t.c.SpringBootTestContextBootstrapper : Found @SpringBootConfiguration ca.mcgill.ecse321.gymregistration.GymregistrationApplication for test class ca.mcgill.ecse321.gymregistration.repository.OwnerTests
]]></system-out>
  <system-err><![CDATA[]]></system-err>
</testsuite>
