<?xml version="1.0" encoding="UTF-8"?>
<testsuite name="ca.mcgill.ecse321.gymregistration.repository.CustomerTests" tests="2" skipped="0" failures="0" errors="0" timestamp="2024-02-19T02:05:39" hostname="Eriks-MacBook-Air.local" time="0.055">
  <properties/>
  <testcase name="testFindCustomersByPersonName()" classname="ca.mcgill.ecse321.gymregistration.repository.CustomerTests" time="0.028"/>
  <testcase name="testCreateAndReadCustomer()" classname="ca.mcgill.ecse321.gymregistration.repository.CustomerTests" time="0.023"/>
  <system-out><![CDATA[2024-02-18T21:05:39.860-05:00  INFO 19174 --- [    Test worker] t.c.s.AnnotationConfigContextLoaderUtils : Could not detect default configuration classes for test class [ca.mcgill.ecse321.gymregistration.repository.CustomerTests]: CustomerTests does not declare any static, non-private, non-final, nested classes annotated with @Configuration.
2024-02-18T21:05:39.861-05:00  INFO 19174 --- [    Test worker] .b.t.c.SpringBootTestContextBootstrapper : Found @SpringBootConfiguration ca.mcgill.ecse321.gymregistration.GymregistrationApplication for test class ca.mcgill.ecse321.gymregistration.repository.CustomerTests
]]></system-out>
  <system-err><![CDATA[]]></system-err>
</testsuite>
