<?xml version="1.0" encoding="UTF-8"?>
<testsuite name="ca.mcgill.ecse321.gymregistration.repository.PersonTests" tests="2" skipped="0" failures="0" errors="0" timestamp="2024-03-11T18:35:13" hostname="Eriks-MacBook-Air-2.local" time="0.043">
  <properties/>
  <testcase name="testCreateAndReadPerson()" classname="ca.mcgill.ecse321.gymregistration.repository.PersonTests" time="0.017"/>
  <testcase name="testFindPersonByName()" classname="ca.mcgill.ecse321.gymregistration.repository.PersonTests" time="0.024"/>
  <system-out><![CDATA[2024-03-11T14:35:13.688-04:00  INFO 85175 --- [    Test worker] t.c.s.AnnotationConfigContextLoaderUtils : Could not detect default configuration classes for test class [ca.mcgill.ecse321.gymregistration.repository.PersonTests]: PersonTests does not declare any static, non-private, non-final, nested classes annotated with @Configuration.
2024-03-11T14:35:13.692-04:00  INFO 85175 --- [    Test worker] .b.t.c.SpringBootTestContextBootstrapper : Found @SpringBootConfiguration ca.mcgill.ecse321.gymregistration.GymregistrationApplication for test class ca.mcgill.ecse321.gymregistration.repository.PersonTests
]]></system-out>
  <system-err><![CDATA[]]></system-err>
</testsuite>
