<?xml version="1.0" encoding="UTF-8"?>
<testsuite name="ca.mcgill.ecse321.gymregistration.service.TestClassTypeService" tests="2" skipped="0" failures="0" errors="0" timestamp="2024-03-22T04:23:26" hostname="MacBook-Pro-5.local" time="0.041">
  <properties/>
  <testcase name="testCreateClasstype()" classname="ca.mcgill.ecse321.gymregistration.service.TestClassTypeService" time="0.038"/>
  <testcase name="testCreateClasstypeNameNull()" classname="ca.mcgill.ecse321.gymregistration.service.TestClassTypeService" time="0.002"/>
  <system-out><![CDATA[]]></system-out>
  <system-err><![CDATA[]]></system-err>
</testsuite>
