<?xml version="1.0" encoding="UTF-8"?>
<testsuite name="ca.mcgill.ecse321.gymregistration.GymregistrationApplicationTests" tests="1" skipped="0" failures="0" errors="0" timestamp="2024-03-12T20:02:44" hostname="Eriks-MacBook-Air-2.local" time="2.511">
  <properties/>
  <testcase name="contextLoads()" classname="ca.mcgill.ecse321.gymregistration.GymregistrationApplicationTests" time="2.511"/>
  <system-out><![CDATA[16:02:13.188 [Test worker] INFO org.springframework.test.context.support.AnnotationConfigContextLoaderUtils -- Could not detect default configuration classes for test class [ca.mcgill.ecse321.gymregistration.GymregistrationApplicationTests]: GymregistrationApplicationTests does not declare any static, non-private, non-final, nested classes annotated with @Configuration.
16:02:13.856 [Test worker] INFO org.springframework.boot.test.context.SpringBootTestContextBootstrapper -- Found @SpringBootConfiguration ca.mcgill.ecse321.gymregistration.GymregistrationApplication for test class ca.mcgill.ecse321.gymregistration.GymregistrationApplicationTests

  .   ____          _            __ _ _
 /\\ / ___'_ __ _ _(_)_ __  __ _ \ \ \ \
( ( )\___ | '_ | '_| | '_ \/ _` | \ \ \ \
 \\/  ___)| |_)| | | | | || (_| |  ) ) ) )
  '  |____| .__|_| |_|_| |_\__, | / / / /
 =========|_|==============|___/=/_/_/_/
 :: Spring Boot ::                (v3.2.2)

2024-03-12T16:02:16.655-04:00  INFO 6004 --- [    Test worker] c.m.e.g.GymregistrationApplicationTests  : Starting GymregistrationApplicationTests using Java 21.0.2 with PID 6004 (started by erikcupsa in /Users/erikcupsa/Desktop/Coding/ECSE 321/project-group-3/gymregistration)
2024-03-12T16:02:16.671-04:00  INFO 6004 --- [    Test worker] c.m.e.g.GymregistrationApplicationTests  : No active profile set, falling back to 1 default profile: "default"
2024-03-12T16:02:20.500-04:00  INFO 6004 --- [    Test worker] .s.d.r.c.RepositoryConfigurationDelegate : Bootstrapping Spring Data JPA repositories in DEFAULT mode.
2024-03-12T16:02:20.863-04:00  INFO 6004 --- [    Test worker] .s.d.r.c.RepositoryConfigurationDelegate : Finished Spring Data repository scanning in 293 ms. Found 8 JPA repository interfaces.
2024-03-12T16:02:25.134-04:00  INFO 6004 --- [    Test worker] o.hibernate.jpa.internal.util.LogHelper  : HHH000204: Processing PersistenceUnitInfo [name: default]
2024-03-12T16:02:25.707-04:00  INFO 6004 --- [    Test worker] org.hibernate.Version                    : HHH000412: Hibernate ORM core version 6.4.1.Final
2024-03-12T16:02:25.999-04:00  INFO 6004 --- [    Test worker] o.h.c.internal.RegionFactoryInitiator    : HHH000026: Second-level cache disabled
2024-03-12T16:02:27.908-04:00  INFO 6004 --- [    Test worker] o.s.o.j.p.SpringPersistenceUnitInfo      : No LoadTimeWeaver setup: ignoring JPA class transformer
2024-03-12T16:02:28.579-04:00  INFO 6004 --- [    Test worker] com.zaxxer.hikari.HikariDataSource       : HikariPool-1 - Starting...
2024-03-12T16:02:29.353-04:00  INFO 6004 --- [    Test worker] com.zaxxer.hikari.pool.HikariPool        : HikariPool-1 - Added connection org.postgresql.jdbc.PgConnection@7064ae69
2024-03-12T16:02:29.363-04:00  INFO 6004 --- [    Test worker] com.zaxxer.hikari.HikariDataSource       : HikariPool-1 - Start completed.
2024-03-12T16:02:37.615-04:00  INFO 6004 --- [    Test worker] o.h.e.t.j.p.i.JtaPlatformInitiator       : HHH000489: No JTA platform available (set 'hibernate.transaction.jta.platform' to enable JTA platform integration)
2024-03-12T16:02:38.095-04:00  INFO 6004 --- [    Test worker] j.LocalContainerEntityManagerFactoryBean : Initialized JPA EntityManagerFactory for persistence unit 'default'
2024-03-12T16:02:39.039-04:00  WARN 6004 --- [    Test worker] JpaBaseConfiguration$JpaWebConfiguration : spring.jpa.open-in-view is enabled by default. Therefore, database queries may be performed during view rendering. Explicitly configure spring.jpa.open-in-view to disable this warning
2024-03-12T16:02:43.999-04:00  INFO 6004 --- [    Test worker] c.m.e.g.GymregistrationApplicationTests  : Started GymregistrationApplicationTests in 29.429 seconds (process running for 37.556)
]]></system-out>
  <system-err><![CDATA[[2024.03.12 16:02:14] (Coverage): Error during class instrumentation: org.springframework.aop.support.AopUtils: java.lang.RuntimeException: java.io.IOException: Class org/reactivestreams/Publisher not found
[2024.03.12 16:02:14] (Coverage): Error during class instrumentation: org.springframework.boot.logging.log4j2.Log4J2LoggingSystem: java.lang.RuntimeException: java.io.IOException: Class org/apache/logging/log4j/core/config/composite/CompositeConfiguration not found
[2024.03.12 16:02:19] (Coverage): Error during class instrumentation: org.springframework.web.servlet.config.annotation.WebMvcConfigurationSupport: java.lang.RuntimeException: java.io.IOException: Class jakarta/validation/ValidatorFactory not found
[2024.03.12 16:02:40] (Coverage): Error during class instrumentation: org.springframework.core.ReactiveAdapterRegistry$ReactorAdapter: java.lang.RuntimeException: java.io.IOException: Class reactor/core/publisher/Flux not found
[2024.03.12 16:02:42] (Coverage): Error during class instrumentation: org.springframework.data.mapping.model.InstanceCreatorMetadataDiscoverer: java.lang.RuntimeException: java.io.IOException: Class kotlin/reflect/KClass not found
WARNING: A Java agent has been loaded dynamically (/Users/erikcupsa/.gradle/caches/modules-2/files-2.1/net.bytebuddy/byte-buddy-agent/1.14.11/f9cb566608fbac6bc7bf54901a7aa11543a989ee/byte-buddy-agent-1.14.11.jar)
WARNING: If a serviceability tool is in use, please run with -XX:+EnableDynamicAgentLoading to hide this warning
WARNING: If a serviceability tool is not in use, please run with -Djdk.instrument.traceUsage for more information
WARNING: Dynamic loading of agents will be disallowed by default in a future release
]]></system-err>
</testsuite>
