<?xml version="1.0" encoding="UTF-8"?>
<testsuite name="ca.mcgill.ecse321.gymregistration.service.TestClassTypeService" tests="2" skipped="0" failures="0" errors="0" timestamp="2024-03-21T20:15:35" hostname="Eriks-MacBook-Air-2.local" time="4.383">
  <properties/>
  <testcase name="testCreateClasstype()" classname="ca.mcgill.ecse321.gymregistration.service.TestClassTypeService" time="4.321"/>
  <testcase name="testCreateClasstypeNameNull()" classname="ca.mcgill.ecse321.gymregistration.service.TestClassTypeService" time="0.049"/>
  <system-out><![CDATA[]]></system-out>
  <system-err><![CDATA[WARNING: A Java agent has been loaded dynamically (/Users/erikcupsa/.gradle/caches/modules-2/files-2.1/net.bytebuddy/byte-buddy-agent/1.14.11/f9cb566608fbac6bc7bf54901a7aa11543a989ee/byte-buddy-agent-1.14.11.jar)
WARNING: If a serviceability tool is in use, please run with -XX:+EnableDynamicAgentLoading to hide this warning
WARNING: If a serviceability tool is not in use, please run with -Djdk.instrument.traceUsage for more information
WARNING: Dynamic loading of agents will be disallowed by default in a future release
]]></system-err>
</testsuite>
