<?xml version="1.0" encoding="UTF-8"?>
<testsuite name="ca.mcgill.ecse321.gymregistration.service.TestInstructorRegistrationService" tests="2" skipped="0" failures="0" errors="0" timestamp="2024-03-22T04:23:26" hostname="MacBook-Pro-5.local" time="0.045">
  <properties/>
  <testcase name="testRemoveInstructorFromClass()" classname="ca.mcgill.ecse321.gymregistration.service.TestInstructorRegistrationService" time="0.037"/>
  <testcase name="testRegisterInstructorForClass()" classname="ca.mcgill.ecse321.gymregistration.service.TestInstructorRegistrationService" time="0.005"/>
  <system-out><![CDATA[2024-03-22T00:23:26.603-04:00  INFO 36608 --- [    Test worker] t.c.s.AnnotationConfigContextLoaderUtils : Could not detect default configuration classes for test class [ca.mcgill.ecse321.gymregistration.service.TestInstructorRegistrationService]: TestInstructorRegistrationService does not declare any static, non-private, non-final, nested classes annotated with @Configuration.
2024-03-22T00:23:26.606-04:00  INFO 36608 --- [    Test worker] .b.t.c.SpringBootTestContextBootstrapper : Found @SpringBootConfiguration ca.mcgill.ecse321.gymregistration.GymregistrationApplication for test class ca.mcgill.ecse321.gymregistration.service.TestInstructorRegistrationService
]]></system-out>
  <system-err><![CDATA[]]></system-err>
</testsuite>
