<?xml version="1.0" encoding="UTF-8"?>
<testsuite name="ca.mcgill.ecse321.gymregistration.repository.InstructorTests" tests="2" skipped="0" failures="0" errors="0" timestamp="2024-03-22T04:23:26" hostname="MacBook-Pro-5.local" time="0.02">
  <properties/>
  <testcase name="testCreateAndReadInstructor()" classname="ca.mcgill.ecse321.gymregistration.repository.InstructorTests" time="0.009"/>
  <testcase name="testFindInstructorsByPersonName()" classname="ca.mcgill.ecse321.gymregistration.repository.InstructorTests" time="0.01"/>
  <system-out><![CDATA[2024-03-22T00:23:26.524-04:00  INFO 36608 --- [    Test worker] t.c.s.AnnotationConfigContextLoaderUtils : Could not detect default configuration classes for test class [ca.mcgill.ecse321.gymregistration.repository.InstructorTests]: InstructorTests does not declare any static, non-private, non-final, nested classes annotated with @Configuration.
2024-03-22T00:23:26.524-04:00  INFO 36608 --- [    Test worker] .b.t.c.SpringBootTestContextBootstrapper : Found @SpringBootConfiguration ca.mcgill.ecse321.gymregistration.GymregistrationApplication for test class ca.mcgill.ecse321.gymregistration.repository.InstructorTests
]]></system-out>
  <system-err><![CDATA[]]></system-err>
</testsuite>
