<?xml version="1.0" encoding="UTF-8"?>
<testsuite name="ca.mcgill.ecse321.gymregistration.service.TestClassTypeService" tests="27" skipped="0" failures="0" errors="0" timestamp="2024-03-23T20:05:00" hostname="Eriks-MacBook-Air-2.local" time="4.076">
  <properties/>
  <testcase name="testUpdateClasstypeNewNameEmpty()" classname="ca.mcgill.ecse321.gymregistration.service.TestClassTypeService" time="3.57"/>
  <testcase name="testCreateClasstype()" classname="ca.mcgill.ecse321.gymregistration.service.TestClassTypeService" time="0.054"/>
  <testcase name="testGetClassTypeNameEmpty()" classname="ca.mcgill.ecse321.gymregistration.service.TestClassTypeService" time="0.015"/>
  <testcase name="testCreateClasstypeNotApproved()" classname="ca.mcgill.ecse321.gymregistration.service.TestClassTypeService" time="0.012"/>
  <testcase name="createClassTypeMaxReached()" classname="ca.mcgill.ecse321.gymregistration.service.TestClassTypeService" time="0.042"/>
  <testcase name="testCreateClasstypeNameNull()" classname="ca.mcgill.ecse321.gymregistration.service.TestClassTypeService" time="0.022"/>
  <testcase name="testGetClassTypeNameNull()" classname="ca.mcgill.ecse321.gymregistration.service.TestClassTypeService" time="0.013"/>
  <testcase name="testUpdateClasstypeNotApproved()" classname="ca.mcgill.ecse321.gymregistration.service.TestClassTypeService" time="0.013"/>
  <testcase name="testProposeClassType()" classname="ca.mcgill.ecse321.gymregistration.service.TestClassTypeService" time="0.008"/>
  <testcase name="testProposeClassTypeEmptyName()" classname="ca.mcgill.ecse321.gymregistration.service.TestClassTypeService" time="0.009"/>
  <testcase name="testProposeClassTypeExists()" classname="ca.mcgill.ecse321.gymregistration.service.TestClassTypeService" time="0.011"/>
  <testcase name="testProposeClassTypeNoName()" classname="ca.mcgill.ecse321.gymregistration.service.TestClassTypeService" time="0.009"/>
  <testcase name="testCreateClasstypeEmpty()" classname="ca.mcgill.ecse321.gymregistration.service.TestClassTypeService" time="0.008"/>
  <testcase name="testUpdateClasstypeNewNameNull()" classname="ca.mcgill.ecse321.gymregistration.service.TestClassTypeService" time="0.012"/>
  <testcase name="testApproveProposedClassType()" classname="ca.mcgill.ecse321.gymregistration.service.TestClassTypeService" time="0.008"/>
  <testcase name="testDeleteClassTypeDoesNotExist()" classname="ca.mcgill.ecse321.gymregistration.service.TestClassTypeService" time="0.015"/>
  <testcase name="testCreateClasstypeAlreadyExists()" classname="ca.mcgill.ecse321.gymregistration.service.TestClassTypeService" time="0.012"/>
  <testcase name="testUpdateClasstypeDoesNotExist()" classname="ca.mcgill.ecse321.gymregistration.service.TestClassTypeService" time="0.008"/>
  <testcase name="testDeleteClassType()" classname="ca.mcgill.ecse321.gymregistration.service.TestClassTypeService" time="0.02"/>
  <testcase name="testProposeClassTypeMax()" classname="ca.mcgill.ecse321.gymregistration.service.TestClassTypeService" time="0.01"/>
  <testcase name="testCreateClasstypeNameEmpty()" classname="ca.mcgill.ecse321.gymregistration.service.TestClassTypeService" time="0.009"/>
  <testcase name="testGetAllClassTypeNone()" classname="ca.mcgill.ecse321.gymregistration.service.TestClassTypeService" time="0.016"/>
  <testcase name="testGetAllClassTypesOne()" classname="ca.mcgill.ecse321.gymregistration.service.TestClassTypeService" time="0.023"/>
  <testcase name="testGetAllClassTypesMultiple()" classname="ca.mcgill.ecse321.gymregistration.service.TestClassTypeService" time="0.013"/>
  <testcase name="testGetClassType()" classname="ca.mcgill.ecse321.gymregistration.service.TestClassTypeService" time="0.006"/>
  <testcase name="testUpdateClasstype()" classname="ca.mcgill.ecse321.gymregistration.service.TestClassTypeService" time="0.015"/>
  <testcase name="testApproveProposedClassTypeNoExist()" classname="ca.mcgill.ecse321.gymregistration.service.TestClassTypeService" time="0.009"/>
  <system-out><![CDATA[]]></system-out>
  <system-err><![CDATA[WARNING: A Java agent has been loaded dynamically (/Users/erikcupsa/.gradle/caches/modules-2/files-2.1/net.bytebuddy/byte-buddy-agent/1.14.11/f9cb566608fbac6bc7bf54901a7aa11543a989ee/byte-buddy-agent-1.14.11.jar)
WARNING: If a serviceability tool is in use, please run with -XX:+EnableDynamicAgentLoading to hide this warning
WARNING: If a serviceability tool is not in use, please run with -Djdk.instrument.traceUsage for more information
WARNING: Dynamic loading of agents will be disallowed by default in a future release
]]></system-err>
</testsuite>
