<?xml version="1.0" encoding="UTF-8"?>
<testsuite name="ca.mcgill.ecse321.gymregistration.repository.InstructorRegistrationTests" tests="1" skipped="0" failures="0" errors="0" timestamp="2024-03-11T18:48:59" hostname="Eriks-MacBook-Air-2.local" time="0.107">
  <properties/>
  <testcase name="testCreateAndReadInstructorRegistration()" classname="ca.mcgill.ecse321.gymregistration.repository.InstructorRegistrationTests" time="0.107"/>
  <system-out><![CDATA[2024-03-11T14:48:59.942-04:00  INFO 85644 --- [    Test worker] t.c.s.AnnotationConfigContextLoaderUtils : Could not detect default configuration classes for test class [ca.mcgill.ecse321.gymregistration.repository.InstructorRegistrationTests]: InstructorRegistrationTests does not declare any static, non-private, non-final, nested classes annotated with @Configuration.
2024-03-11T14:48:59.945-04:00  INFO 85644 --- [    Test worker] .b.t.c.SpringBootTestContextBootstrapper : Found @SpringBootConfiguration ca.mcgill.ecse321.gymregistration.GymregistrationApplication for test class ca.mcgill.ecse321.gymregistration.repository.InstructorRegistrationTests
]]></system-out>
  <system-err><![CDATA[]]></system-err>
</testsuite>
