<?xml version="1.0" encoding="UTF-8"?>
<testsuite name="ca.mcgill.ecse321.gymregistration.repository.ClassTypeTests" tests="2" skipped="0" failures="0" errors="0" timestamp="2024-03-11T19:20:22" hostname="Eriks-MacBook-Air-2.local" time="0.371">
  <properties/>
  <testcase name="testCreateAndReadNotApprovedClassType()" classname="ca.mcgill.ecse321.gymregistration.repository.ClassTypeTests" time="0.35"/>
  <testcase name="testCreateAndReadApprovedClassType()" classname="ca.mcgill.ecse321.gymregistration.repository.ClassTypeTests" time="0.018"/>
  <system-out><![CDATA[2024-03-11T15:20:22.316-04:00  INFO 86562 --- [    Test worker] t.c.s.AnnotationConfigContextLoaderUtils : Could not detect default configuration classes for test class [ca.mcgill.ecse321.gymregistration.repository.ClassTypeTests]: ClassTypeTests does not declare any static, non-private, non-final, nested classes annotated with @Configuration.
2024-03-11T15:20:22.382-04:00  INFO 86562 --- [    Test worker] .b.t.c.SpringBootTestContextBootstrapper : Found @SpringBootConfiguration ca.mcgill.ecse321.gymregistration.GymregistrationApplication for test class ca.mcgill.ecse321.gymregistration.repository.ClassTypeTests
]]></system-out>
  <system-err><![CDATA[]]></system-err>
</testsuite>
