<?xml version="1.0" encoding="UTF-8"?>
<testsuite name="ca.mcgill.ecse321.gymregistration.repository.InstructorRegistrationTests" tests="1" skipped="0" failures="0" errors="0" timestamp="2024-02-19T00:03:26" hostname="Eriks-MacBook-Air.local" time="0.045">
  <properties/>
  <testcase name="testCreateAndReadInstructorRegistration()" classname="ca.mcgill.ecse321.gymregistration.repository.InstructorRegistrationTests" time="0.045"/>
  <system-out><![CDATA[2024-02-18T19:03:26.204-05:00  INFO 15714 --- [    Test worker] t.c.s.AnnotationConfigContextLoaderUtils : Could not detect default configuration classes for test class [ca.mcgill.ecse321.gymregistration.repository.InstructorRegistrationTests]: InstructorRegistrationTests does not declare any static, non-private, non-final, nested classes annotated with @Configuration.
2024-02-18T19:03:26.206-05:00  INFO 15714 --- [    Test worker] .b.t.c.SpringBootTestContextBootstrapper : Found @SpringBootConfiguration ca.mcgill.ecse321.gymregistration.GymregistrationApplication for test class ca.mcgill.ecse321.gymregistration.repository.InstructorRegistrationTests
]]></system-out>
  <system-err><![CDATA[]]></system-err>
</testsuite>
