<?xml version="1.0" encoding="UTF-8"?>
<testsuite name="ca.mcgill.ecse321.gymregistration.repository.CustomerRegistrationTests" tests="1" skipped="0" failures="0" errors="0" timestamp="2024-02-19T02:05:39" hostname="Eriks-MacBook-Air.local" time="0.073">
  <properties/>
  <testcase name="testCreateAndReadCustomerRegistration()" classname="ca.mcgill.ecse321.gymregistration.repository.CustomerRegistrationTests" time="0.073"/>
  <system-out><![CDATA[2024-02-18T21:05:39.777-05:00  INFO 19174 --- [    Test worker] t.c.s.AnnotationConfigContextLoaderUtils : Could not detect default configuration classes for test class [ca.mcgill.ecse321.gymregistration.repository.CustomerRegistrationTests]: CustomerRegistrationTests does not declare any static, non-private, non-final, nested classes annotated with @Configuration.
2024-02-18T21:05:39.779-05:00  INFO 19174 --- [    Test worker] .b.t.c.SpringBootTestContextBootstrapper : Found @SpringBootConfiguration ca.mcgill.ecse321.gymregistration.GymregistrationApplication for test class ca.mcgill.ecse321.gymregistration.repository.CustomerRegistrationTests
]]></system-out>
  <system-err><![CDATA[]]></system-err>
</testsuite>
