<?xml version="1.0" encoding="UTF-8"?>
<testsuite name="ca.mcgill.ecse321.gymregistration.integration.CustomerServiceIntegrationTest" tests="8" skipped="0" failures="0" errors="0" timestamp="2024-04-12T23:11:28" hostname="Eriks-MacBook-Air-2.local" time="0.887">
  <properties/>
  <testcase name="testCreateAndLogInCustomer()" classname="ca.mcgill.ecse321.gymregistration.integration.CustomerServiceIntegrationTest" time="0.127"/>
  <testcase name="testCreateCustomerAndUpdatePassword()" classname="ca.mcgill.ecse321.gymregistration.integration.CustomerServiceIntegrationTest" time="0.087"/>
  <testcase name="testCreateCustomerAndUpdateEmail()" classname="ca.mcgill.ecse321.gymregistration.integration.CustomerServiceIntegrationTest" time="0.056"/>
  <testcase name="testCreateAndGetAllCustomers()" classname="ca.mcgill.ecse321.gymregistration.integration.CustomerServiceIntegrationTest" time="0.138"/>
  <testcase name="testCreateAndDeleteCustomer()" classname="ca.mcgill.ecse321.gymregistration.integration.CustomerServiceIntegrationTest" time="0.17"/>
  <testcase name="testCreateCustomerAndUpdateCreditCard()" classname="ca.mcgill.ecse321.gymregistration.integration.CustomerServiceIntegrationTest" time="0.081"/>
  <testcase name="testCreateAndGetCustomer()" classname="ca.mcgill.ecse321.gymregistration.integration.CustomerServiceIntegrationTest" time="0.07"/>
  <testcase name="testCreateCustomerAndUpdateToInstructor()" classname="ca.mcgill.ecse321.gymregistration.integration.CustomerServiceIntegrationTest" time="0.134"/>
  <system-out><![CDATA[2024-04-12T19:11:28.464-04:00  INFO 57049 --- [    Test worker] t.c.s.AnnotationConfigContextLoaderUtils : Could not detect default configuration classes for test class [ca.mcgill.ecse321.gymregistration.integration.CustomerServiceIntegrationTest]: CustomerServiceIntegrationTest does not declare any static, non-private, non-final, nested classes annotated with @Configuration.
2024-04-12T19:11:28.470-04:00  INFO 57049 --- [    Test worker] .b.t.c.SpringBootTestContextBootstrapper : Found @SpringBootConfiguration ca.mcgill.ecse321.gymregistration.GymregistrationApplication for test class ca.mcgill.ecse321.gymregistration.integration.CustomerServiceIntegrationTest
2024-04-12T19:11:29.303-04:00  WARN 57049 --- [o-auto-1-exec-9] .w.s.m.s.DefaultHandlerExceptionResolver : Resolved [org.springframework.web.bind.MissingPathVariableException: Required URI template variable 'email' for method parameter type String is not present]
]]></system-out>
  <system-err><![CDATA[]]></system-err>
</testsuite>
