<?xml version="1.0" encoding="UTF-8"?>
<testsuite name="ca.mcgill.ecse321.gymregistration.integration.InstructorServiceIntegrationTests" tests="6" skipped="0" failures="0" errors="0" timestamp="2024-04-08T18:25:10" hostname="Eriks-MacBook-Air-2.local" time="0.499">
  <properties/>
  <testcase name="testCreateInvalidInstructor()" classname="ca.mcgill.ecse321.gymregistration.integration.InstructorServiceIntegrationTests" time="0.104"/>
  <testcase name="testcreateAndLogInInstructor()" classname="ca.mcgill.ecse321.gymregistration.integration.InstructorServiceIntegrationTests" time="0.06"/>
  <testcase name="testCreateAndGetInstructors()" classname="ca.mcgill.ecse321.gymregistration.integration.InstructorServiceIntegrationTests" time="0.137"/>
  <testcase name="testCreateAndGetInstructor()" classname="ca.mcgill.ecse321.gymregistration.integration.InstructorServiceIntegrationTests" time="0.062"/>
  <testcase name="testCreateAndDeleteInstructor()" classname="ca.mcgill.ecse321.gymregistration.integration.InstructorServiceIntegrationTests" time="0.057"/>
  <testcase name="testCreateandUpdateInstructorEmail()" classname="ca.mcgill.ecse321.gymregistration.integration.InstructorServiceIntegrationTests" time="0.067"/>
  <system-out><![CDATA[2024-04-08T14:25:10.122-04:00  INFO 97837 --- [    Test worker] t.c.s.AnnotationConfigContextLoaderUtils : Could not detect default configuration classes for test class [ca.mcgill.ecse321.gymregistration.integration.InstructorServiceIntegrationTests]: InstructorServiceIntegrationTests does not declare any static, non-private, non-final, nested classes annotated with @Configuration.
2024-04-08T14:25:10.138-04:00  INFO 97837 --- [    Test worker] .b.t.c.SpringBootTestContextBootstrapper : Found @SpringBootConfiguration ca.mcgill.ecse321.gymregistration.GymregistrationApplication for test class ca.mcgill.ecse321.gymregistration.integration.InstructorServiceIntegrationTests
2024-04-08T14:25:10.574-04:00  WARN 97837 --- [o-auto-1-exec-9] .w.s.m.s.DefaultHandlerExceptionResolver : Resolved [org.springframework.http.converter.HttpMessageNotReadableException: Required request body is missing: public void ca.mcgill.ecse321.gymregistration.controller.InstructorRestController.deleteInstructor(java.lang.String,ca.mcgill.ecse321.gymregistration.model.GymUser) throws java.lang.IllegalArgumentException]
]]></system-out>
  <system-err><![CDATA[]]></system-err>
</testsuite>
