<?xml version="1.0" encoding="UTF-8"?>
<testsuite name="ca.mcgill.ecse321.gymregistration.integration.CustomerRegistrationServiceIntegrationTest" tests="1" skipped="0" failures="0" errors="0" timestamp="2024-04-08T18:25:06" hostname="Eriks-MacBook-Air-2.local" time="0.309">
  <properties/>
  <testcase name="testCreateCustomerRegistration()" classname="ca.mcgill.ecse321.gymregistration.integration.CustomerRegistrationServiceIntegrationTest" time="0.309"/>
  <system-out><![CDATA[2024-04-08T14:25:06.331-04:00  INFO 97837 --- [    Test worker] t.c.s.AnnotationConfigContextLoaderUtils : Could not detect default configuration classes for test class [ca.mcgill.ecse321.gymregistration.integration.CustomerRegistrationServiceIntegrationTest]: CustomerRegistrationServiceIntegrationTest does not declare any static, non-private, non-final, nested classes annotated with @Configuration.
2024-04-08T14:25:06.353-04:00  INFO 97837 --- [    Test worker] .b.t.c.SpringBootTestContextBootstrapper : Found @SpringBootConfiguration ca.mcgill.ecse321.gymregistration.GymregistrationApplication for test class ca.mcgill.ecse321.gymregistration.integration.CustomerRegistrationServiceIntegrationTest
]]></system-out>
  <system-err><![CDATA[]]></system-err>
</testsuite>
