<?xml version="1.0" encoding="UTF-8"?>
<testsuite name="ca.mcgill.ecse321.gymregistration.service.TestInstructorService" tests="14" skipped="0" failures="0" errors="0" timestamp="2024-04-07T21:29:02" hostname="Eriks-MacBook-Air-2.local" time="0.338">
  <properties/>
  <testcase name="testCreateInstructor()" classname="ca.mcgill.ecse321.gymregistration.service.TestInstructorService" time="0.071"/>
  <testcase name="ChangeAccountTypeInvalidPermissions()" classname="ca.mcgill.ecse321.gymregistration.service.TestInstructorService" time="0.039"/>
  <testcase name="testLoginInstructor()" classname="ca.mcgill.ecse321.gymregistration.service.TestInstructorService" time="0.012"/>
  <testcase name="testGetInstructorByEmail()" classname="ca.mcgill.ecse321.gymregistration.service.TestInstructorService" time="0.017"/>
  <testcase name="testDeleteInstructor()" classname="ca.mcgill.ecse321.gymregistration.service.TestInstructorService" time="0.022"/>
  <testcase name="updateEmailInvalidInstructor()" classname="ca.mcgill.ecse321.gymregistration.service.TestInstructorService" time="0.018"/>
  <testcase name="testCreateInstructorNullEmail()" classname="ca.mcgill.ecse321.gymregistration.service.TestInstructorService" time="0.024"/>
  <testcase name="testDeleteInvalidInstructor()" classname="ca.mcgill.ecse321.gymregistration.service.TestInstructorService" time="0.019"/>
  <testcase name="testNonExistantInstructor()" classname="ca.mcgill.ecse321.gymregistration.service.TestInstructorService" time="0.007"/>
  <testcase name="testDeleteInstructorInvalidPermissions()" classname="ca.mcgill.ecse321.gymregistration.service.TestInstructorService" time="0.008"/>
  <testcase name="testLoginInstructorInvalidEmail()" classname="ca.mcgill.ecse321.gymregistration.service.TestInstructorService" time="0.013"/>
  <testcase name="ChangeAccountType()" classname="ca.mcgill.ecse321.gymregistration.service.TestInstructorService" time="0.007"/>
  <testcase name="testUpdateEmailInstuctor()" classname="ca.mcgill.ecse321.gymregistration.service.TestInstructorService" time="0.007"/>
  <testcase name="testGetInstructorByInvalidEmail()" classname="ca.mcgill.ecse321.gymregistration.service.TestInstructorService" time="0.006"/>
  <system-out><![CDATA[2024-04-07T17:29:02.305-04:00  INFO 85027 --- [    Test worker] t.c.s.AnnotationConfigContextLoaderUtils : Could not detect default configuration classes for test class [ca.mcgill.ecse321.gymregistration.service.TestInstructorService]: TestInstructorService does not declare any static, non-private, non-final, nested classes annotated with @Configuration.
2024-04-07T17:29:02.521-04:00  INFO 85027 --- [    Test worker] .b.t.c.SpringBootTestContextBootstrapper : Found @SpringBootConfiguration ca.mcgill.ecse321.gymregistration.GymregistrationApplication for test class ca.mcgill.ecse321.gymregistration.service.TestInstructorService
]]></system-out>
  <system-err><![CDATA[]]></system-err>
</testsuite>
