<?xml version="1.0" encoding="UTF-8"?>
<testsuite name="ca.mcgill.ecse321.gymregistration.integration.ClassTypeServiceIntegrationTest" tests="5" skipped="0" failures="0" errors="0" timestamp="2024-04-12T23:11:24" hostname="Eriks-MacBook-Air-2.local" time="3.222">
  <properties/>
  <testcase name="testCreateandUpdateClassType()" classname="ca.mcgill.ecse321.gymregistration.integration.ClassTypeServiceIntegrationTest" time="2.678"/>
  <testcase name="testCreateAndGetClassTypeByName()" classname="ca.mcgill.ecse321.gymregistration.integration.ClassTypeServiceIntegrationTest" time="0.139"/>
  <testcase name="testProposeAndApproveClassType()" classname="ca.mcgill.ecse321.gymregistration.integration.ClassTypeServiceIntegrationTest" time="0.132"/>
  <testcase name="testCreateAndApproveProposedClassType()" classname="ca.mcgill.ecse321.gymregistration.integration.ClassTypeServiceIntegrationTest" time="0.089"/>
  <testcase name="testGetAllClassTypes()" classname="ca.mcgill.ecse321.gymregistration.integration.ClassTypeServiceIntegrationTest" time="0.135"/>
  <system-out><![CDATA[2024-04-12T19:11:19.153-04:00  INFO 57049 --- [    Test worker] t.c.s.AnnotationConfigContextLoaderUtils : Could not detect default configuration classes for test class [ca.mcgill.ecse321.gymregistration.integration.ClassTypeServiceIntegrationTest]: ClassTypeServiceIntegrationTest does not declare any static, non-private, non-final, nested classes annotated with @Configuration.
2024-04-12T19:11:19.269-04:00  INFO 57049 --- [    Test worker] .b.t.c.SpringBootTestContextBootstrapper : Found @SpringBootConfiguration ca.mcgill.ecse321.gymregistration.GymregistrationApplication for test class ca.mcgill.ecse321.gymregistration.integration.ClassTypeServiceIntegrationTest

  .   ____          _            __ _ _
 /\\ / ___'_ __ _ _(_)_ __  __ _ \ \ \ \
( ( )\___ | '_ | '_| | '_ \/ _` | \ \ \ \
 \\/  ___)| |_)| | | | | || (_| |  ) ) ) )
  '  |____| .__|_| |_|_| |_\__, | / / / /
 =========|_|==============|___/=/_/_/_/
 :: Spring Boot ::                (v3.2.2)

2024-04-12T19:11:19.470-04:00  INFO 57049 --- [    Test worker] .m.e.g.i.ClassTypeServiceIntegrationTest : Starting ClassTypeServiceIntegrationTest using Java 21.0.2 with PID 57049 (started by erikcupsa in /Users/erikcupsa/Desktop/Coding/ECSE 321/project-group-3/GymRegistration-Backend)
2024-04-12T19:11:19.472-04:00  INFO 57049 --- [    Test worker] .m.e.g.i.ClassTypeServiceIntegrationTest : No active profile set, falling back to 1 default profile: "default"
2024-04-12T19:11:20.098-04:00  INFO 57049 --- [    Test worker] .s.d.r.c.RepositoryConfigurationDelegate : Bootstrapping Spring Data JPA repositories in DEFAULT mode.
2024-04-12T19:11:20.150-04:00  INFO 57049 --- [    Test worker] .s.d.r.c.RepositoryConfigurationDelegate : Finished Spring Data repository scanning in 49 ms. Found 8 JPA repository interfaces.
2024-04-12T19:11:21.055-04:00  INFO 57049 --- [    Test worker] o.s.b.w.embedded.tomcat.TomcatWebServer  : Tomcat initialized with port 0 (http)
2024-04-12T19:11:21.168-04:00  INFO 57049 --- [    Test worker] o.apache.catalina.core.StandardService   : Starting service [Tomcat]
2024-04-12T19:11:21.171-04:00  INFO 57049 --- [    Test worker] o.apache.catalina.core.StandardEngine    : Starting Servlet engine: [Apache Tomcat/10.1.18]
2024-04-12T19:11:21.328-04:00  INFO 57049 --- [    Test worker] o.a.c.c.C.[Tomcat].[localhost].[/]       : Initializing Spring embedded WebApplicationContext
2024-04-12T19:11:21.331-04:00  INFO 57049 --- [    Test worker] w.s.c.ServletWebServerApplicationContext : Root WebApplicationContext: initialization completed in 1843 ms
2024-04-12T19:11:21.828-04:00  INFO 57049 --- [    Test worker] o.hibernate.jpa.internal.util.LogHelper  : HHH000204: Processing PersistenceUnitInfo [name: default]
2024-04-12T19:11:21.841-04:00  INFO 57049 --- [    Test worker] o.h.c.internal.RegionFactoryInitiator    : HHH000026: Second-level cache disabled
2024-04-12T19:11:21.866-04:00  INFO 57049 --- [    Test worker] o.s.o.j.p.SpringPersistenceUnitInfo      : No LoadTimeWeaver setup: ignoring JPA class transformer
2024-04-12T19:11:21.869-04:00  INFO 57049 --- [    Test worker] com.zaxxer.hikari.HikariDataSource       : HikariPool-2 - Starting...
2024-04-12T19:11:21.920-04:00  INFO 57049 --- [    Test worker] com.zaxxer.hikari.pool.HikariPool        : HikariPool-2 - Added connection org.postgresql.jdbc.PgConnection@71a81af8
2024-04-12T19:11:21.922-04:00  INFO 57049 --- [    Test worker] com.zaxxer.hikari.HikariDataSource       : HikariPool-2 - Start completed.
2024-04-12T19:11:22.736-04:00  INFO 57049 --- [    Test worker] o.h.e.t.j.p.i.JtaPlatformInitiator       : HHH000489: No JTA platform available (set 'hibernate.transaction.jta.platform' to enable JTA platform integration)
2024-04-12T19:11:22.881-04:00  INFO 57049 --- [    Test worker] j.LocalContainerEntityManagerFactoryBean : Initialized JPA EntityManagerFactory for persistence unit 'default'
2024-04-12T19:11:24.160-04:00  WARN 57049 --- [    Test worker] JpaBaseConfiguration$JpaWebConfiguration : spring.jpa.open-in-view is enabled by default. Therefore, database queries may be performed during view rendering. Explicitly configure spring.jpa.open-in-view to disable this warning
2024-04-12T19:11:24.808-04:00  INFO 57049 --- [    Test worker] o.s.b.w.embedded.tomcat.TomcatWebServer  : Tomcat started on port 62149 (http) with context path ''
2024-04-12T19:11:24.828-04:00  INFO 57049 --- [    Test worker] .m.e.g.i.ClassTypeServiceIntegrationTest : Started ClassTypeServiceIntegrationTest in 5.525 seconds (process running for 29.738)
2024-04-12T19:11:26.560-04:00  INFO 57049 --- [o-auto-1-exec-1] o.a.c.c.C.[Tomcat].[localhost].[/]       : Initializing Spring DispatcherServlet 'dispatcherServlet'
2024-04-12T19:11:26.576-04:00  INFO 57049 --- [o-auto-1-exec-1] o.s.web.servlet.DispatcherServlet        : Initializing Servlet 'dispatcherServlet'
2024-04-12T19:11:26.608-04:00  INFO 57049 --- [o-auto-1-exec-1] o.s.web.servlet.DispatcherServlet        : Completed initialization in 29 ms
moving on update
Moving on
moving on
]]></system-out>
  <system-err><![CDATA[]]></system-err>
</testsuite>
