<?xml version="1.0" encoding="UTF-8"?>
<testsuite name="ca.mcgill.ecse321.gymregistration.repository.CustomerTests" tests="3" skipped="0" failures="0" errors="0" timestamp="2024-04-12T23:11:34" hostname="Eriks-MacBook-Air-2.local" time="0.123">
  <properties/>
  <testcase name="testFindCustomersByPersonNameWithAndWithoutCreditCard()" classname="ca.mcgill.ecse321.gymregistration.repository.CustomerTests" time="0.049"/>
  <testcase name="testCreateAndReadCustomerWithoutCreditCard()" classname="ca.mcgill.ecse321.gymregistration.repository.CustomerTests" time="0.039"/>
  <testcase name="testCreateAndReadCustomerWithCreditCard()" classname="ca.mcgill.ecse321.gymregistration.repository.CustomerTests" time="0.033"/>
  <system-out><![CDATA[2024-04-12T19:11:34.079-04:00  INFO 57049 --- [    Test worker] t.c.s.AnnotationConfigContextLoaderUtils : Could not detect default configuration classes for test class [ca.mcgill.ecse321.gymregistration.repository.CustomerTests]: CustomerTests does not declare any static, non-private, non-final, nested classes annotated with @Configuration.
2024-04-12T19:11:34.081-04:00  INFO 57049 --- [    Test worker] .b.t.c.SpringBootTestContextBootstrapper : Found @SpringBootConfiguration ca.mcgill.ecse321.gymregistration.GymregistrationApplication for test class ca.mcgill.ecse321.gymregistration.repository.CustomerTests
]]></system-out>
  <system-err><![CDATA[]]></system-err>
</testsuite>
