<?xml version="1.0" encoding="UTF-8"?>
<testsuite name="ca.mcgill.ecse321.gymregistration.integration.CustomerRegistrationServiceIntegrationTest" tests="1" skipped="0" failures="0" errors="0" timestamp="2024-04-12T23:11:28" hostname="Eriks-MacBook-Air-2.local" time="0.294">
  <properties/>
  <testcase name="testCreateCustomerRegistration()" classname="ca.mcgill.ecse321.gymregistration.integration.CustomerRegistrationServiceIntegrationTest" time="0.294"/>
  <system-out><![CDATA[2024-04-12T19:11:28.107-04:00  INFO 57049 --- [    Test worker] t.c.s.AnnotationConfigContextLoaderUtils : Could not detect default configuration classes for test class [ca.mcgill.ecse321.gymregistration.integration.CustomerRegistrationServiceIntegrationTest]: CustomerRegistrationServiceIntegrationTest does not declare any static, non-private, non-final, nested classes annotated with @Configuration.
2024-04-12T19:11:28.119-04:00  INFO 57049 --- [    Test worker] .b.t.c.SpringBootTestContextBootstrapper : Found @SpringBootConfiguration ca.mcgill.ecse321.gymregistration.GymregistrationApplication for test class ca.mcgill.ecse321.gymregistration.integration.CustomerRegistrationServiceIntegrationTest
]]></system-out>
  <system-err><![CDATA[]]></system-err>
</testsuite>
