<?xml version="1.0" encoding="UTF-8"?>
<testsuite name="ca.mcgill.ecse321.gymregistration.repository.ClassTypeTests" tests="2" skipped="0" failures="0" errors="0" timestamp="2024-04-08T18:25:11" hostname="Eriks-MacBook-Air-2.local" time="0.062">
  <properties/>
  <testcase name="testCreateAndReadNotApprovedClassType()" classname="ca.mcgill.ecse321.gymregistration.repository.ClassTypeTests" time="0.041"/>
  <testcase name="testCreateAndReadApprovedClassType()" classname="ca.mcgill.ecse321.gymregistration.repository.ClassTypeTests" time="0.018"/>
  <system-out><![CDATA[2024-04-08T14:25:11.818-04:00  INFO 97837 --- [    Test worker] t.c.s.AnnotationConfigContextLoaderUtils : Could not detect default configuration classes for test class [ca.mcgill.ecse321.gymregistration.repository.ClassTypeTests]: ClassTypeTests does not declare any static, non-private, non-final, nested classes annotated with @Configuration.
2024-04-08T14:25:11.911-04:00  INFO 97837 --- [    Test worker] .b.t.c.SpringBootTestContextBootstrapper : Found @SpringBootConfiguration ca.mcgill.ecse321.gymregistration.GymregistrationApplication for test class ca.mcgill.ecse321.gymregistration.repository.ClassTypeTests
]]></system-out>
  <system-err><![CDATA[]]></system-err>
</testsuite>
