<?xml version="1.0" encoding="UTF-8"?>
<testsuite name="ca.mcgill.ecse321.gymregistration.service.TestOwnerService" tests="12" skipped="0" failures="0" errors="0" timestamp="2024-04-12T23:11:43" hostname="Eriks-MacBook-Air-2.local" time="0.269">
  <properties/>
  <testcase name="testDeleteOwner()" classname="ca.mcgill.ecse321.gymregistration.service.TestOwnerService" time="0.032"/>
  <testcase name="testGetOwnerByInvalidEmail()" classname="ca.mcgill.ecse321.gymregistration.service.TestOwnerService" time="0.012"/>
  <testcase name="testUpdateEmail()" classname="ca.mcgill.ecse321.gymregistration.service.TestOwnerService" time="0.012"/>
  <testcase name="testCreateOwner()" classname="ca.mcgill.ecse321.gymregistration.service.TestOwnerService" time="0.019"/>
  <testcase name="testUpdateNonExistantOwner()" classname="ca.mcgill.ecse321.gymregistration.service.TestOwnerService" time="0.011"/>
  <testcase name="testLogInOwner()" classname="ca.mcgill.ecse321.gymregistration.service.TestOwnerService" time="0.039"/>
  <testcase name="testLogInOwnerInvalidPassword()" classname="ca.mcgill.ecse321.gymregistration.service.TestOwnerService" time="0.01"/>
  <testcase name="testGetOwnerByEmail()" classname="ca.mcgill.ecse321.gymregistration.service.TestOwnerService" time="0.01"/>
  <testcase name="testUpdatePassword()" classname="ca.mcgill.ecse321.gymregistration.service.TestOwnerService" time="0.014"/>
  <testcase name="testUpdateInvalidPassword()" classname="ca.mcgill.ecse321.gymregistration.service.TestOwnerService" time="0.009"/>
  <testcase name="testLogInOwnerInvalidEmail()" classname="ca.mcgill.ecse321.gymregistration.service.TestOwnerService" time="0.009"/>
  <testcase name="testUpdateInvalidEmail()" classname="ca.mcgill.ecse321.gymregistration.service.TestOwnerService" time="0.01"/>
  <system-out><![CDATA[2024-04-12T19:11:43.818-04:00  INFO 57049 --- [    Test worker] t.c.s.AnnotationConfigContextLoaderUtils : Could not detect default configuration classes for test class [ca.mcgill.ecse321.gymregistration.service.TestOwnerService]: TestOwnerService does not declare any static, non-private, non-final, nested classes annotated with @Configuration.
2024-04-12T19:11:43.834-04:00  INFO 57049 --- [    Test worker] .b.t.c.SpringBootTestContextBootstrapper : Found @SpringBootConfiguration ca.mcgill.ecse321.gymregistration.GymregistrationApplication for test class ca.mcgill.ecse321.gymregistration.service.TestOwnerService
]]></system-out>
  <system-err><![CDATA[]]></system-err>
</testsuite>
