<?xml version="1.0" encoding="UTF-8"?>
<testsuite name="ca.mcgill.ecse321.gymregistration.service.TestInstructorRegistrationService" tests="17" skipped="0" failures="0" errors="0" timestamp="2024-04-12T23:11:42" hostname="Eriks-MacBook-Air-2.local" time="1.005">
  <properties/>
  <testcase name="testUpdateInstructorRegistration()" classname="ca.mcgill.ecse321.gymregistration.service.TestInstructorRegistrationService" time="0.856"/>
  <testcase name="testGetInstructorRegistrationInvalidSessionId()" classname="ca.mcgill.ecse321.gymregistration.service.TestInstructorRegistrationService" time="0.01"/>
  <testcase name="testRemoveInstructorFromClass()" classname="ca.mcgill.ecse321.gymregistration.service.TestInstructorRegistrationService" time="0.007"/>
  <testcase name="testGetInstructorRegistrationByInstructorNull()" classname="ca.mcgill.ecse321.gymregistration.service.TestInstructorRegistrationService" time="0.006"/>
  <testcase name="testRegisterInstructorForClassInvalidPermissions()" classname="ca.mcgill.ecse321.gymregistration.service.TestInstructorRegistrationService" time="0.005"/>
  <testcase name="testGetInstructorRegistrationByInstructor()" classname="ca.mcgill.ecse321.gymregistration.service.TestInstructorRegistrationService" time="0.008"/>
  <testcase name="testGetInstructorRegistrationInvalidEmail()" classname="ca.mcgill.ecse321.gymregistration.service.TestInstructorRegistrationService" time="0.009"/>
  <testcase name="testGetInstructorRegistrationByNoRegistrations()" classname="ca.mcgill.ecse321.gymregistration.service.TestInstructorRegistrationService" time="0.006"/>
  <testcase name="testRegisterInstructorForClassAlreadyRegistered()" classname="ca.mcgill.ecse321.gymregistration.service.TestInstructorRegistrationService" time="0.015"/>
  <testcase name="testRegisterInstructorForClassInvalidSession()" classname="ca.mcgill.ecse321.gymregistration.service.TestInstructorRegistrationService" time="0.008"/>
  <testcase name="testRemoveInstructorFromClassInvalidInstructor()" classname="ca.mcgill.ecse321.gymregistration.service.TestInstructorRegistrationService" time="0.008"/>
  <testcase name="testRemoveInstructorFromClassInvalidSession()" classname="ca.mcgill.ecse321.gymregistration.service.TestInstructorRegistrationService" time="0.005"/>
  <testcase name="testRegisterInstructorForClassInvalidInstructor()" classname="ca.mcgill.ecse321.gymregistration.service.TestInstructorRegistrationService" time="0.005"/>
  <testcase name="testGetInstructorRegistration()" classname="ca.mcgill.ecse321.gymregistration.service.TestInstructorRegistrationService" time="0.007"/>
  <testcase name="testRegisterInstructorForClass()" classname="ca.mcgill.ecse321.gymregistration.service.TestInstructorRegistrationService" time="0.008"/>
  <testcase name="testGetNonExistantInstructorRegistration()" classname="ca.mcgill.ecse321.gymregistration.service.TestInstructorRegistrationService" time="0.01"/>
  <testcase name="testGetInstructorRegistrationByInstructorInvalidEmail()" classname="ca.mcgill.ecse321.gymregistration.service.TestInstructorRegistrationService" time="0.004"/>
  <system-out><![CDATA[]]></system-out>
  <system-err><![CDATA[]]></system-err>
</testsuite>
