<?xml version="1.0" encoding="UTF-8"?>
<testsuite name="ca.mcgill.ecse321.gymregistration.integration.ClassTypeServiceIntegrationTest" tests="4" skipped="0" failures="0" errors="0" timestamp="2024-04-08T06:34:55" hostname="Eriks-MacBook-Air-2.local" time="0.827">
  <properties/>
  <testcase name="testCreateAndGetClassTypeByName()" classname="ca.mcgill.ecse321.gymregistration.integration.ClassTypeServiceIntegrationTest" time="0.459"/>
  <testcase name="testProposeAndApproveClassType()" classname="ca.mcgill.ecse321.gymregistration.integration.ClassTypeServiceIntegrationTest" time="0.107"/>
  <testcase name="testCreateAndApproveProposedClassType()" classname="ca.mcgill.ecse321.gymregistration.integration.ClassTypeServiceIntegrationTest" time="0.087"/>
  <testcase name="testGetAllClassTypes()" classname="ca.mcgill.ecse321.gymregistration.integration.ClassTypeServiceIntegrationTest" time="0.16"/>
  <system-out><![CDATA[2024-04-08T02:34:55.137-04:00  INFO 91168 --- [    Test worker] t.c.s.AnnotationConfigContextLoaderUtils : Could not detect default configuration classes for test class [ca.mcgill.ecse321.gymregistration.integration.ClassTypeServiceIntegrationTest]: ClassTypeServiceIntegrationTest does not declare any static, non-private, non-final, nested classes annotated with @Configuration.
2024-04-08T02:34:55.159-04:00  INFO 91168 --- [    Test worker] .b.t.c.SpringBootTestContextBootstrapper : Found @SpringBootConfiguration ca.mcgill.ecse321.gymregistration.GymregistrationApplication for test class ca.mcgill.ecse321.gymregistration.integration.ClassTypeServiceIntegrationTest
Moving on
moving on
]]></system-out>
  <system-err><![CDATA[]]></system-err>
</testsuite>
