<?xml version="1.0" encoding="UTF-8"?>
<testsuite name="ca.mcgill.ecse321.gymregistration.repository.ClassTypeTests" tests="2" skipped="0" failures="0" errors="0" timestamp="2024-04-12T23:11:33" hostname="Eriks-MacBook-Air-2.local" time="0.049">
  <properties/>
  <testcase name="testCreateAndReadNotApprovedClassType()" classname="ca.mcgill.ecse321.gymregistration.repository.ClassTypeTests" time="0.03"/>
  <testcase name="testCreateAndReadApprovedClassType()" classname="ca.mcgill.ecse321.gymregistration.repository.ClassTypeTests" time="0.017"/>
  <system-out><![CDATA[2024-04-12T19:11:33.794-04:00  INFO 57049 --- [    Test worker] t.c.s.AnnotationConfigContextLoaderUtils : Could not detect default configuration classes for test class [ca.mcgill.ecse321.gymregistration.repository.ClassTypeTests]: ClassTypeTests does not declare any static, non-private, non-final, nested classes annotated with @Configuration.
2024-04-12T19:11:33.880-04:00  INFO 57049 --- [    Test worker] .b.t.c.SpringBootTestContextBootstrapper : Found @SpringBootConfiguration ca.mcgill.ecse321.gymregistration.GymregistrationApplication for test class ca.mcgill.ecse321.gymregistration.repository.ClassTypeTests
]]></system-out>
  <system-err><![CDATA[]]></system-err>
</testsuite>
