<?xml version="1.0" encoding="UTF-8"?>
<testsuite name="ca.mcgill.ecse321.gymregistration.integration.InstructorRegistrationIntegrationTest" tests="9" skipped="0" failures="0" errors="0" timestamp="2024-04-07T21:28:48" hostname="Eriks-MacBook-Air-2.local" time="1.495">
  <properties/>
  <testcase name="testCreateandGetInstructorRegistration()" classname="ca.mcgill.ecse321.gymregistration.integration.InstructorRegistrationIntegrationTest" time="0.39"/>
  <testcase name="testCreateandDeleteInstructorRegistrationTwoInstructorsWithoutPermission()" classname="ca.mcgill.ecse321.gymregistration.integration.InstructorRegistrationIntegrationTest" time="0.232"/>
  <testcase name="testCreateandGetInstructorRegistrationBySessionId()" classname="ca.mcgill.ecse321.gymregistration.integration.InstructorRegistrationIntegrationTest" time="0.135"/>
  <testcase name="testCreateandDeleteInstructorRegistrationTwoInstructors()" classname="ca.mcgill.ecse321.gymregistration.integration.InstructorRegistrationIntegrationTest" time="0.221"/>
  <testcase name="testCreateandGetInstructorRegistrationByEmail()" classname="ca.mcgill.ecse321.gymregistration.integration.InstructorRegistrationIntegrationTest" time="0.103"/>
  <testcase name="testCreateInvalidInstructorRegistrationBadSession()" classname="ca.mcgill.ecse321.gymregistration.integration.InstructorRegistrationIntegrationTest" time="0.079"/>
  <testcase name="testCreateandDeleteInstructorRegistrationTwoInstructorsAsOwner()" classname="ca.mcgill.ecse321.gymregistration.integration.InstructorRegistrationIntegrationTest" time="0.125"/>
  <testcase name="testCreateInvalidInstructorRegistrationBadEmail()" classname="ca.mcgill.ecse321.gymregistration.integration.InstructorRegistrationIntegrationTest" time="0.079"/>
  <testcase name="testCreateandDeleteInstructorRegistrationOneInstructor()" classname="ca.mcgill.ecse321.gymregistration.integration.InstructorRegistrationIntegrationTest" time="0.094"/>
  <system-out><![CDATA[2024-04-07T17:28:48.605-04:00  INFO 85027 --- [    Test worker] t.c.s.AnnotationConfigContextLoaderUtils : Could not detect default configuration classes for test class [ca.mcgill.ecse321.gymregistration.integration.InstructorRegistrationIntegrationTest]: InstructorRegistrationIntegrationTest does not declare any static, non-private, non-final, nested classes annotated with @Configuration.
2024-04-07T17:28:48.632-04:00  INFO 85027 --- [    Test worker] .b.t.c.SpringBootTestContextBootstrapper : Found @SpringBootConfiguration ca.mcgill.ecse321.gymregistration.GymregistrationApplication for test class ca.mcgill.ecse321.gymregistration.integration.InstructorRegistrationIntegrationTest
Session not found.
]]></system-out>
  <system-err><![CDATA[]]></system-err>
</testsuite>
