<?xml version="1.0" encoding="UTF-8"?>
<testsuite name="ca.mcgill.ecse321.gymregistration.repository.OwnerTests" tests="2" skipped="0" failures="0" errors="0" timestamp="2024-04-12T23:11:34" hostname="Eriks-MacBook-Air-2.local" time="0.086">
  <properties/>
  <testcase name="testCreateAndReadOwner()" classname="ca.mcgill.ecse321.gymregistration.repository.OwnerTests" time="0.048"/>
  <testcase name="testFindOwnersByPersonName()" classname="ca.mcgill.ecse321.gymregistration.repository.OwnerTests" time="0.037"/>
  <system-out><![CDATA[2024-04-12T19:11:34.423-04:00  INFO 57049 --- [    Test worker] t.c.s.AnnotationConfigContextLoaderUtils : Could not detect default configuration classes for test class [ca.mcgill.ecse321.gymregistration.repository.OwnerTests]: OwnerTests does not declare any static, non-private, non-final, nested classes annotated with @Configuration.
2024-04-12T19:11:34.424-04:00  INFO 57049 --- [    Test worker] .b.t.c.SpringBootTestContextBootstrapper : Found @SpringBootConfiguration ca.mcgill.ecse321.gymregistration.GymregistrationApplication for test class ca.mcgill.ecse321.gymregistration.repository.OwnerTests
]]></system-out>
  <system-err><![CDATA[]]></system-err>
</testsuite>
