<?xml version="1.0" encoding="UTF-8"?>
<testsuite name="ca.mcgill.ecse321.gymregistration.service.TestClassTypeService" tests="37" skipped="0" failures="0" errors="0" timestamp="2024-04-08T06:35:00" hostname="Eriks-MacBook-Air-2.local" time="5.629">
  <properties/>
  <testcase name="testUpdateClasstypeCustomer()" classname="ca.mcgill.ecse321.gymregistration.service.TestClassTypeService" time="3.032"/>
  <testcase name="testUpdateClasstypeNewNameEmpty()" classname="ca.mcgill.ecse321.gymregistration.service.TestClassTypeService" time="0.137"/>
  <testcase name="testApproveProposedClassTypeInstructor()" classname="ca.mcgill.ecse321.gymregistration.service.TestClassTypeService" time="0.284"/>
  <testcase name="testCreateClasstype()" classname="ca.mcgill.ecse321.gymregistration.service.TestClassTypeService" time="0.166"/>
  <testcase name="testGetClassTypeNameEmpty()" classname="ca.mcgill.ecse321.gymregistration.service.TestClassTypeService" time="0.061"/>
  <testcase name="testCreateClasstypeNotApproved()" classname="ca.mcgill.ecse321.gymregistration.service.TestClassTypeService" time="0.061"/>
  <testcase name="createClassTypeMaxReached()" classname="ca.mcgill.ecse321.gymregistration.service.TestClassTypeService" time="0.386"/>
  <testcase name="testCreateClasstypeNameNull()" classname="ca.mcgill.ecse321.gymregistration.service.TestClassTypeService" time="0.084"/>
  <testcase name="testGetClassTypeNameNull()" classname="ca.mcgill.ecse321.gymregistration.service.TestClassTypeService" time="0.048"/>
  <testcase name="testUpdateClasstypeNotApproved()" classname="ca.mcgill.ecse321.gymregistration.service.TestClassTypeService" time="0.032"/>
  <testcase name="testProposeClassType()" classname="ca.mcgill.ecse321.gymregistration.service.TestClassTypeService" time="0.048"/>
  <testcase name="testProposeClassTypeCustomer()" classname="ca.mcgill.ecse321.gymregistration.service.TestClassTypeService" time="0.091"/>
  <testcase name="testProposeClassTypeEmptyName()" classname="ca.mcgill.ecse321.gymregistration.service.TestClassTypeService" time="0.041"/>
  <testcase name="testDeleteClassTypeCustomer()" classname="ca.mcgill.ecse321.gymregistration.service.TestClassTypeService" time="0.039"/>
  <testcase name="testProposeClassTypeExists()" classname="ca.mcgill.ecse321.gymregistration.service.TestClassTypeService" time="0.037"/>
  <testcase name="testProposeClassTypeNoName()" classname="ca.mcgill.ecse321.gymregistration.service.TestClassTypeService" time="0.019"/>
  <testcase name="testCreateClasstypeEmpty()" classname="ca.mcgill.ecse321.gymregistration.service.TestClassTypeService" time="0.026"/>
  <testcase name="testApproveProposedClassTypeCustomer()" classname="ca.mcgill.ecse321.gymregistration.service.TestClassTypeService" time="0.011"/>
  <testcase name="testDeleteClassTypeInstructor()" classname="ca.mcgill.ecse321.gymregistration.service.TestClassTypeService" time="0.014"/>
  <testcase name="testUpdateClasstypeNewNameNull()" classname="ca.mcgill.ecse321.gymregistration.service.TestClassTypeService" time="0.015"/>
  <testcase name="testApproveProposedClassType()" classname="ca.mcgill.ecse321.gymregistration.service.TestClassTypeService" time="0.037"/>
  <testcase name="testDeleteClassTypeDoesNotExist()" classname="ca.mcgill.ecse321.gymregistration.service.TestClassTypeService" time="0.015"/>
  <testcase name="testCreateClasstypeAlreadyExists()" classname="ca.mcgill.ecse321.gymregistration.service.TestClassTypeService" time="0.02"/>
  <testcase name="testUpdateClasstypeDoesNotExist()" classname="ca.mcgill.ecse321.gymregistration.service.TestClassTypeService" time="0.013"/>
  <testcase name="testDeleteClassType()" classname="ca.mcgill.ecse321.gymregistration.service.TestClassTypeService" time="0.047"/>
  <testcase name="testProposeClassTypeMax()" classname="ca.mcgill.ecse321.gymregistration.service.TestClassTypeService" time="0.045"/>
  <testcase name="testCreateClasstypeNameEmpty()" classname="ca.mcgill.ecse321.gymregistration.service.TestClassTypeService" time="0.01"/>
  <testcase name="testGetAllClassTypeNone()" classname="ca.mcgill.ecse321.gymregistration.service.TestClassTypeService" time="0.018"/>
  <testcase name="testGetAllClassTypesOne()" classname="ca.mcgill.ecse321.gymregistration.service.TestClassTypeService" time="0.018"/>
  <testcase name="testGetAllClassTypesMultiple()" classname="ca.mcgill.ecse321.gymregistration.service.TestClassTypeService" time="0.012"/>
  <testcase name="testGetClassType()" classname="ca.mcgill.ecse321.gymregistration.service.TestClassTypeService" time="0.016"/>
  <testcase name="testUpdateClasstype()" classname="ca.mcgill.ecse321.gymregistration.service.TestClassTypeService" time="0.007"/>
  <testcase name="testCreateClasstypeCustomer()" classname="ca.mcgill.ecse321.gymregistration.service.TestClassTypeService" time="0.012"/>
  <testcase name="testApproveProposedClassTypeNoExist()" classname="ca.mcgill.ecse321.gymregistration.service.TestClassTypeService" time="0.008"/>
  <testcase name="testCreateClasstypeInstructor()" classname="ca.mcgill.ecse321.gymregistration.service.TestClassTypeService" time="0.007"/>
  <testcase name="testProposeClassTypeOwner()" classname="ca.mcgill.ecse321.gymregistration.service.TestClassTypeService" time="0.021"/>
  <testcase name="testUpdateClasstypeInstructor()" classname="ca.mcgill.ecse321.gymregistration.service.TestClassTypeService" time="0.018"/>
  <system-out><![CDATA[here
]]></system-out>
  <system-err><![CDATA[]]></system-err>
</testsuite>
