<?xml version="1.0" encoding="UTF-8"?>
<testsuite name="ca.mcgill.ecse321.gymregistration.integration.SessionServiceIntegrationTest" tests="4" skipped="0" failures="0" errors="0" timestamp="2024-04-12T23:11:33" hostname="Eriks-MacBook-Air-2.local" time="0.469">
  <properties/>
  <testcase name="testCreateandDeleteSessionOneClassTypeEmail()" classname="ca.mcgill.ecse321.gymregistration.integration.SessionServiceIntegrationTest" time="0.186"/>
  <testcase name="testCreateandGetSession()" classname="ca.mcgill.ecse321.gymregistration.integration.SessionServiceIntegrationTest" time="0.108"/>
  <testcase name="testCreateandDeleteSessionOneClassType()" classname="ca.mcgill.ecse321.gymregistration.integration.SessionServiceIntegrationTest" time="0.081"/>
  <testcase name="testCreateandDeleteSessionOneClassTypeWrongEmail()" classname="ca.mcgill.ecse321.gymregistration.integration.SessionServiceIntegrationTest" time="0.088"/>
  <system-out><![CDATA[2024-04-12T19:11:33.303-04:00  INFO 57049 --- [    Test worker] t.c.s.AnnotationConfigContextLoaderUtils : Could not detect default configuration classes for test class [ca.mcgill.ecse321.gymregistration.integration.SessionServiceIntegrationTest]: SessionServiceIntegrationTest does not declare any static, non-private, non-final, nested classes annotated with @Configuration.
2024-04-12T19:11:33.309-04:00  INFO 57049 --- [    Test worker] .b.t.c.SpringBootTestContextBootstrapper : Found @SpringBootConfiguration ca.mcgill.ecse321.gymregistration.GymregistrationApplication for test class ca.mcgill.ecse321.gymregistration.integration.SessionServiceIntegrationTest
]]></system-out>
  <system-err><![CDATA[]]></system-err>
</testsuite>
