<?xml version="1.0" encoding="UTF-8"?>
<testsuite name="ca.mcgill.ecse321.gymregistration.integration.OwnerServiceIntegrationTests" tests="5" skipped="0" failures="0" errors="0" timestamp="2024-04-12T23:11:31" hostname="Eriks-MacBook-Air-2.local" time="0.538">
  <properties/>
  <testcase name="testCreateAndDeleteOwner()" classname="ca.mcgill.ecse321.gymregistration.integration.OwnerServiceIntegrationTests" time="0.11"/>
  <testcase name="testCreateAndGetOwners()" classname="ca.mcgill.ecse321.gymregistration.integration.OwnerServiceIntegrationTests" time="0.153"/>
  <testcase name="testCreateInvalidOwner()" classname="ca.mcgill.ecse321.gymregistration.integration.OwnerServiceIntegrationTests" time="0.089"/>
  <testcase name="testCreateAndUpdateOwnerEmail()" classname="ca.mcgill.ecse321.gymregistration.integration.OwnerServiceIntegrationTests" time="0.11"/>
  <testcase name="testCreateAndGetOwner()" classname="ca.mcgill.ecse321.gymregistration.integration.OwnerServiceIntegrationTests" time="0.07"/>
  <system-out><![CDATA[2024-04-12T19:11:31.051-04:00  INFO 57049 --- [    Test worker] t.c.s.AnnotationConfigContextLoaderUtils : Could not detect default configuration classes for test class [ca.mcgill.ecse321.gymregistration.integration.OwnerServiceIntegrationTests]: OwnerServiceIntegrationTests does not declare any static, non-private, non-final, nested classes annotated with @Configuration.
2024-04-12T19:11:31.054-04:00  INFO 57049 --- [    Test worker] .b.t.c.SpringBootTestContextBootstrapper : Found @SpringBootConfiguration ca.mcgill.ecse321.gymregistration.GymregistrationApplication for test class ca.mcgill.ecse321.gymregistration.integration.OwnerServiceIntegrationTests
2024-04-12T19:11:31.146-04:00  WARN 57049 --- [o-auto-1-exec-5] .w.s.m.s.DefaultHandlerExceptionResolver : Resolved [org.springframework.http.converter.HttpMessageNotReadableException: Required request body is missing: public void ca.mcgill.ecse321.gymregistration.controller.OwnerRestController.deleteInstructor(java.lang.String,ca.mcgill.ecse321.gymregistration.model.GymUser) throws java.lang.IllegalArgumentException]
1
2
3
4
]]></system-out>
  <system-err><![CDATA[]]></system-err>
</testsuite>
