<?xml version="1.0" encoding="UTF-8"?>
<testsuite name="ca.mcgill.ecse321.gymregistration.repository.CustomerRegistrationTests" tests="1" skipped="0" failures="0" errors="0" timestamp="2024-04-08T06:34:59" hostname="Eriks-MacBook-Air-2.local" time="0.117">
  <properties/>
  <testcase name="testCreateAndReadCustomerRegistration()" classname="ca.mcgill.ecse321.gymregistration.repository.CustomerRegistrationTests" time="0.117"/>
  <system-out><![CDATA[2024-04-08T02:34:59.681-04:00  INFO 91168 --- [    Test worker] t.c.s.AnnotationConfigContextLoaderUtils : Could not detect default configuration classes for test class [ca.mcgill.ecse321.gymregistration.repository.CustomerRegistrationTests]: CustomerRegistrationTests does not declare any static, non-private, non-final, nested classes annotated with @Configuration.
2024-04-08T02:34:59.683-04:00  INFO 91168 --- [    Test worker] .b.t.c.SpringBootTestContextBootstrapper : Found @SpringBootConfiguration ca.mcgill.ecse321.gymregistration.GymregistrationApplication for test class ca.mcgill.ecse321.gymregistration.repository.CustomerRegistrationTests
]]></system-out>
  <system-err><![CDATA[]]></system-err>
</testsuite>
