<?xml version="1.0" encoding="UTF-8"?>
<testsuite name="ca.mcgill.ecse321.gymregistration.service.TestSessionService" tests="40" skipped="0" failures="0" errors="0" timestamp="2024-04-07T21:29:03" hostname="Eriks-MacBook-Air-2.local" time="0.395">
  <properties/>
  <testcase name="testUpdateSessionNullClassType()" classname="ca.mcgill.ecse321.gymregistration.service.TestSessionService" time="0.008"/>
  <testcase name="testUpdateSessionNoName()" classname="ca.mcgill.ecse321.gymregistration.service.TestSessionService" time="0.01"/>
  <testcase name="testCreateSessionTakenTime()" classname="ca.mcgill.ecse321.gymregistration.service.TestSessionService" time="0.011"/>
  <testcase name="testGetSession()" classname="ca.mcgill.ecse321.gymregistration.service.TestSessionService" time="0.006"/>
  <testcase name="testGetSessionNone()" classname="ca.mcgill.ecse321.gymregistration.service.TestSessionService" time="0.007"/>
  <testcase name="testUpdateSession()" classname="ca.mcgill.ecse321.gymregistration.service.TestSessionService" time="0.015"/>
  <testcase name="testUpdateSessionNullDate()" classname="ca.mcgill.ecse321.gymregistration.service.TestSessionService" time="0.021"/>
  <testcase name="testDeleteNoSession()" classname="ca.mcgill.ecse321.gymregistration.service.TestSessionService" time="0.011"/>
  <testcase name="testCreateSessionNotApproved()" classname="ca.mcgill.ecse321.gymregistration.service.TestSessionService" time="0.016"/>
  <testcase name="testUpdateSessionInvalidTime()" classname="ca.mcgill.ecse321.gymregistration.service.TestSessionService" time="0.011"/>
  <testcase name="testCreateSessionEmptyDescription()" classname="ca.mcgill.ecse321.gymregistration.service.TestSessionService" time="0.015"/>
  <testcase name="testCreateSessionEmptyLocation()" classname="ca.mcgill.ecse321.gymregistration.service.TestSessionService" time="0.006"/>
  <testcase name="testCreateSessionNullDescription()" classname="ca.mcgill.ecse321.gymregistration.service.TestSessionService" time="0.004"/>
  <testcase name="testCreateSessionEmptyName()" classname="ca.mcgill.ecse321.gymregistration.service.TestSessionService" time="0.004"/>
  <testcase name="testUpdateSessionNullSession()" classname="ca.mcgill.ecse321.gymregistration.service.TestSessionService" time="0.003"/>
  <testcase name="testGetAllSessionsMultiple()" classname="ca.mcgill.ecse321.gymregistration.service.TestSessionService" time="0.028"/>
  <testcase name="testDeleteSessionInstructorValid()" classname="ca.mcgill.ecse321.gymregistration.service.TestSessionService" time="0.011"/>
  <testcase name="testCreateSessionNullStartTime()" classname="ca.mcgill.ecse321.gymregistration.service.TestSessionService" time="0.007"/>
  <testcase name="testCreateSessionCustomer()" classname="ca.mcgill.ecse321.gymregistration.service.TestSessionService" time="0.009"/>
  <testcase name="testCreateSessionInstructor()" classname="ca.mcgill.ecse321.gymregistration.service.TestSessionService" time="0.005"/>
  <testcase name="testUpdateSessionNoDescription()" classname="ca.mcgill.ecse321.gymregistration.service.TestSessionService" time="0.003"/>
  <testcase name="testCreateSessionNullLocation()" classname="ca.mcgill.ecse321.gymregistration.service.TestSessionService" time="0.005"/>
  <testcase name="testUpdateSessionNullStartTime()" classname="ca.mcgill.ecse321.gymregistration.service.TestSessionService" time="0.004"/>
  <testcase name="testUpdateSessionNullEndTime()" classname="ca.mcgill.ecse321.gymregistration.service.TestSessionService" time="0.003"/>
  <testcase name="testUpdateSessionInstructor()" classname="ca.mcgill.ecse321.gymregistration.service.TestSessionService" time="0.006"/>
  <testcase name="testDeleteSessionOwner()" classname="ca.mcgill.ecse321.gymregistration.service.TestSessionService" time="0.007"/>
  <testcase name="testCreateSessionInvalidDate()" classname="ca.mcgill.ecse321.gymregistration.service.TestSessionService" time="0.009"/>
  <testcase name="testUpdateSessionCustomer()" classname="ca.mcgill.ecse321.gymregistration.service.TestSessionService" time="0.008"/>
  <testcase name="testGetAllSessionsOne()" classname="ca.mcgill.ecse321.gymregistration.service.TestSessionService" time="0.005"/>
  <testcase name="testUpdateSessionNoSession()" classname="ca.mcgill.ecse321.gymregistration.service.TestSessionService" time="0.004"/>
  <testcase name="testGetAllSessionsNone()" classname="ca.mcgill.ecse321.gymregistration.service.TestSessionService" time="0.004"/>
  <testcase name="testCreateSessionNullDate()" classname="ca.mcgill.ecse321.gymregistration.service.TestSessionService" time="0.003"/>
  <testcase name="testCreateSessionNullName()" classname="ca.mcgill.ecse321.gymregistration.service.TestSessionService" time="0.004"/>
  <testcase name="testDeleteCustomer()" classname="ca.mcgill.ecse321.gymregistration.service.TestSessionService" time="0.006"/>
  <testcase name="testUpdateSessionNotApproved()" classname="ca.mcgill.ecse321.gymregistration.service.TestSessionService" time="0.006"/>
  <testcase name="testCreateSessionNullClassType()" classname="ca.mcgill.ecse321.gymregistration.service.TestSessionService" time="0.004"/>
  <testcase name="testDeleteSessionInstructorInvalid()" classname="ca.mcgill.ecse321.gymregistration.service.TestSessionService" time="0.005"/>
  <testcase name="testCreateSessionNullEndTime()" classname="ca.mcgill.ecse321.gymregistration.service.TestSessionService" time="0.003"/>
  <testcase name="testCreateSession()" classname="ca.mcgill.ecse321.gymregistration.service.TestSessionService" time="0.004"/>
  <testcase name="testUpdateSessionNoLocation()" classname="ca.mcgill.ecse321.gymregistration.service.TestSessionService" time="0.003"/>
  <system-out><![CDATA[]]></system-out>
  <system-err><![CDATA[]]></system-err>
</testsuite>
