<?xml version="1.0" encoding="UTF-8"?>
<testsuite name="ca.mcgill.ecse321.gymregistration.service.TestInstructorService" tests="14" skipped="0" failures="0" errors="0" timestamp="2024-04-08T18:25:15" hostname="Eriks-MacBook-Air-2.local" time="0.892">
  <properties/>
  <testcase name="testCreateInstructor()" classname="ca.mcgill.ecse321.gymregistration.service.TestInstructorService" time="0.277"/>
  <testcase name="ChangeAccountTypeInvalidPermissions()" classname="ca.mcgill.ecse321.gymregistration.service.TestInstructorService" time="0.067"/>
  <testcase name="testLoginInstructor()" classname="ca.mcgill.ecse321.gymregistration.service.TestInstructorService" time="0.035"/>
  <testcase name="testGetInstructorByEmail()" classname="ca.mcgill.ecse321.gymregistration.service.TestInstructorService" time="0.032"/>
  <testcase name="testDeleteInstructor()" classname="ca.mcgill.ecse321.gymregistration.service.TestInstructorService" time="0.05"/>
  <testcase name="updateEmailInvalidInstructor()" classname="ca.mcgill.ecse321.gymregistration.service.TestInstructorService" time="0.026"/>
  <testcase name="testCreateInstructorNullEmail()" classname="ca.mcgill.ecse321.gymregistration.service.TestInstructorService" time="0.029"/>
  <testcase name="testDeleteInvalidInstructor()" classname="ca.mcgill.ecse321.gymregistration.service.TestInstructorService" time="0.036"/>
  <testcase name="testNonExistantInstructor()" classname="ca.mcgill.ecse321.gymregistration.service.TestInstructorService" time="0.025"/>
  <testcase name="testDeleteInstructorInvalidPermissions()" classname="ca.mcgill.ecse321.gymregistration.service.TestInstructorService" time="0.021"/>
  <testcase name="testLoginInstructorInvalidEmail()" classname="ca.mcgill.ecse321.gymregistration.service.TestInstructorService" time="0.02"/>
  <testcase name="ChangeAccountType()" classname="ca.mcgill.ecse321.gymregistration.service.TestInstructorService" time="0.012"/>
  <testcase name="testUpdateEmailInstuctor()" classname="ca.mcgill.ecse321.gymregistration.service.TestInstructorService" time="0.012"/>
  <testcase name="testGetInstructorByInvalidEmail()" classname="ca.mcgill.ecse321.gymregistration.service.TestInstructorService" time="0.024"/>
  <system-out><![CDATA[2024-04-08T14:25:12.845-04:00  INFO 97837 --- [    Test worker] t.c.s.AnnotationConfigContextLoaderUtils : Could not detect default configuration classes for test class [ca.mcgill.ecse321.gymregistration.service.TestInstructorService]: TestInstructorService does not declare any static, non-private, non-final, nested classes annotated with @Configuration.
2024-04-08T14:25:12.880-04:00  INFO 97837 --- [    Test worker] .b.t.c.SpringBootTestContextBootstrapper : Found @SpringBootConfiguration ca.mcgill.ecse321.gymregistration.GymregistrationApplication for test class ca.mcgill.ecse321.gymregistration.service.TestInstructorService
]]></system-out>
  <system-err><![CDATA[]]></system-err>
</testsuite>
