<?xml version="1.0" encoding="UTF-8"?>
<testsuite name="ca.mcgill.ecse321.gymregistration.integration.ClassTypeServiceIntegrationTest" tests="4" skipped="0" failures="0" errors="0" timestamp="2024-04-07T21:28:43" hostname="Eriks-MacBook-Air-2.local" time="3.195">
  <properties/>
  <testcase name="testCreateAndGetClassTypeByName()" classname="ca.mcgill.ecse321.gymregistration.integration.ClassTypeServiceIntegrationTest" time="2.751"/>
  <testcase name="testProposeAndApproveClassType()" classname="ca.mcgill.ecse321.gymregistration.integration.ClassTypeServiceIntegrationTest" time="0.148"/>
  <testcase name="testCreateAndApproveProposedClassType()" classname="ca.mcgill.ecse321.gymregistration.integration.ClassTypeServiceIntegrationTest" time="0.094"/>
  <testcase name="testGetAllClassTypes()" classname="ca.mcgill.ecse321.gymregistration.integration.ClassTypeServiceIntegrationTest" time="0.146"/>
  <system-out><![CDATA[2024-04-07T17:28:37.403-04:00  INFO 85027 --- [    Test worker] t.c.s.AnnotationConfigContextLoaderUtils : Could not detect default configuration classes for test class [ca.mcgill.ecse321.gymregistration.integration.ClassTypeServiceIntegrationTest]: ClassTypeServiceIntegrationTest does not declare any static, non-private, non-final, nested classes annotated with @Configuration.
2024-04-07T17:28:37.510-04:00  INFO 85027 --- [    Test worker] .b.t.c.SpringBootTestContextBootstrapper : Found @SpringBootConfiguration ca.mcgill.ecse321.gymregistration.GymregistrationApplication for test class ca.mcgill.ecse321.gymregistration.integration.ClassTypeServiceIntegrationTest

  .   ____          _            __ _ _
 /\\ / ___'_ __ _ _(_)_ __  __ _ \ \ \ \
( ( )\___ | '_ | '_| | '_ \/ _` | \ \ \ \
 \\/  ___)| |_)| | | | | || (_| |  ) ) ) )
  '  |____| .__|_| |_|_| |_\__, | / / / /
 =========|_|==============|___/=/_/_/_/
 :: Spring Boot ::                (v3.2.2)

2024-04-07T17:28:37.661-04:00  INFO 85027 --- [    Test worker] .m.e.g.i.ClassTypeServiceIntegrationTest : Starting ClassTypeServiceIntegrationTest using Java 21.0.2 with PID 85027 (started by erikcupsa in /Users/erikcupsa/Desktop/Coding/ECSE 321/project-group-3/GymRegistration-Backend)
2024-04-07T17:28:37.662-04:00  INFO 85027 --- [    Test worker] .m.e.g.i.ClassTypeServiceIntegrationTest : No active profile set, falling back to 1 default profile: "default"
2024-04-07T17:28:38.745-04:00  INFO 85027 --- [    Test worker] .s.d.r.c.RepositoryConfigurationDelegate : Bootstrapping Spring Data JPA repositories in DEFAULT mode.
2024-04-07T17:28:38.889-04:00  INFO 85027 --- [    Test worker] .s.d.r.c.RepositoryConfigurationDelegate : Finished Spring Data repository scanning in 127 ms. Found 8 JPA repository interfaces.
2024-04-07T17:28:39.760-04:00  INFO 85027 --- [    Test worker] o.s.b.w.embedded.tomcat.TomcatWebServer  : Tomcat initialized with port 0 (http)
2024-04-07T17:28:39.806-04:00  INFO 85027 --- [    Test worker] o.apache.catalina.core.StandardService   : Starting service [Tomcat]
2024-04-07T17:28:39.809-04:00  INFO 85027 --- [    Test worker] o.apache.catalina.core.StandardEngine    : Starting Servlet engine: [Apache Tomcat/10.1.18]
2024-04-07T17:28:39.952-04:00  INFO 85027 --- [    Test worker] o.a.c.c.C.[Tomcat].[localhost].[/]       : Initializing Spring embedded WebApplicationContext
2024-04-07T17:28:39.954-04:00  INFO 85027 --- [    Test worker] w.s.c.ServletWebServerApplicationContext : Root WebApplicationContext: initialization completed in 2278 ms
2024-04-07T17:28:40.254-04:00  INFO 85027 --- [    Test worker] o.hibernate.jpa.internal.util.LogHelper  : HHH000204: Processing PersistenceUnitInfo [name: default]
2024-04-07T17:28:40.265-04:00  INFO 85027 --- [    Test worker] o.h.c.internal.RegionFactoryInitiator    : HHH000026: Second-level cache disabled
2024-04-07T17:28:40.286-04:00  INFO 85027 --- [    Test worker] o.s.o.j.p.SpringPersistenceUnitInfo      : No LoadTimeWeaver setup: ignoring JPA class transformer
2024-04-07T17:28:40.289-04:00  INFO 85027 --- [    Test worker] com.zaxxer.hikari.HikariDataSource       : HikariPool-2 - Starting...
2024-04-07T17:28:40.338-04:00  INFO 85027 --- [    Test worker] com.zaxxer.hikari.pool.HikariPool        : HikariPool-2 - Added connection org.postgresql.jdbc.PgConnection@76377a38
2024-04-07T17:28:40.340-04:00  INFO 85027 --- [    Test worker] com.zaxxer.hikari.HikariDataSource       : HikariPool-2 - Start completed.
2024-04-07T17:28:41.194-04:00  INFO 85027 --- [    Test worker] o.h.e.t.j.p.i.JtaPlatformInitiator       : HHH000489: No JTA platform available (set 'hibernate.transaction.jta.platform' to enable JTA platform integration)
2024-04-07T17:28:41.350-04:00  INFO 85027 --- [    Test worker] j.LocalContainerEntityManagerFactoryBean : Initialized JPA EntityManagerFactory for persistence unit 'default'
2024-04-07T17:28:42.588-04:00  WARN 85027 --- [    Test worker] JpaBaseConfiguration$JpaWebConfiguration : spring.jpa.open-in-view is enabled by default. Therefore, database queries may be performed during view rendering. Explicitly configure spring.jpa.open-in-view to disable this warning
2024-04-07T17:28:43.255-04:00  INFO 85027 --- [    Test worker] o.s.b.w.embedded.tomcat.TomcatWebServer  : Tomcat started on port 62139 (http) with context path ''
2024-04-07T17:28:43.272-04:00  INFO 85027 --- [    Test worker] .m.e.g.i.ClassTypeServiceIntegrationTest : Started ClassTypeServiceIntegrationTest in 5.742 seconds (process running for 29.869)
2024-04-07T17:28:45.406-04:00  INFO 85027 --- [o-auto-1-exec-1] o.a.c.c.C.[Tomcat].[localhost].[/]       : Initializing Spring DispatcherServlet 'dispatcherServlet'
2024-04-07T17:28:45.417-04:00  INFO 85027 --- [o-auto-1-exec-1] o.s.web.servlet.DispatcherServlet        : Initializing Servlet 'dispatcherServlet'
2024-04-07T17:28:45.447-04:00  INFO 85027 --- [o-auto-1-exec-1] o.s.web.servlet.DispatcherServlet        : Completed initialization in 28 ms
Moving on
moving on
]]></system-out>
  <system-err><![CDATA[]]></system-err>
</testsuite>
