<?xml version="1.0" encoding="UTF-8"?>
<testsuite name="ca.mcgill.ecse321.gymregistration.repository.InstructorTests" tests="2" skipped="0" failures="0" errors="0" timestamp="2024-04-07T21:28:52" hostname="Eriks-MacBook-Air-2.local" time="0.104">
  <properties/>
  <testcase name="testCreateAndReadInstructor()" classname="ca.mcgill.ecse321.gymregistration.repository.InstructorTests" time="0.035"/>
  <testcase name="testFindInstructorsByPersonName()" classname="ca.mcgill.ecse321.gymregistration.repository.InstructorTests" time="0.063"/>
  <system-out><![CDATA[2024-04-07T17:28:52.485-04:00  INFO 85027 --- [    Test worker] t.c.s.AnnotationConfigContextLoaderUtils : Could not detect default configuration classes for test class [ca.mcgill.ecse321.gymregistration.repository.InstructorTests]: InstructorTests does not declare any static, non-private, non-final, nested classes annotated with @Configuration.
2024-04-07T17:28:52.489-04:00  INFO 85027 --- [    Test worker] .b.t.c.SpringBootTestContextBootstrapper : Found @SpringBootConfiguration ca.mcgill.ecse321.gymregistration.GymregistrationApplication for test class ca.mcgill.ecse321.gymregistration.repository.InstructorTests
]]></system-out>
  <system-err><![CDATA[]]></system-err>
</testsuite>
