<?xml version="1.0" encoding="UTF-8"?>
<testsuite name="ca.mcgill.ecse321.gymregistration.service.TestCustomerRegistrationService" tests="21" skipped="0" failures="0" errors="0" timestamp="2024-04-07T21:28:55" hostname="Eriks-MacBook-Air-2.local" time="2.882">
  <properties/>
  <testcase name="testRegisterForPastSession()" classname="ca.mcgill.ecse321.gymregistration.service.TestCustomerRegistrationService" time="2.152"/>
  <testcase name="testRegisterForSessionTwice()" classname="ca.mcgill.ecse321.gymregistration.service.TestCustomerRegistrationService" time="0.049"/>
  <testcase name="testRemoveCustomerFromSessionNonExistantSession()" classname="ca.mcgill.ecse321.gymregistration.service.TestCustomerRegistrationService" time="0.031"/>
  <testcase name="testRemoveCustomerFromAllSessionsInvalidPermissions()" classname="ca.mcgill.ecse321.gymregistration.service.TestCustomerRegistrationService" time="0.016"/>
  <testcase name="testGetRegistrationsByCustomer()" classname="ca.mcgill.ecse321.gymregistration.service.TestCustomerRegistrationService" time="0.024"/>
  <testcase name="testRegisterForSessionAtCapacity()" classname="ca.mcgill.ecse321.gymregistration.service.TestCustomerRegistrationService" time="0.185"/>
  <testcase name="testRegisterForNonexistentSession()" classname="ca.mcgill.ecse321.gymregistration.service.TestCustomerRegistrationService" time="0.017"/>
  <testcase name="testRemoveCustomerFromAllSessionsInvalidCustomer()" classname="ca.mcgill.ecse321.gymregistration.service.TestCustomerRegistrationService" time="0.009"/>
  <testcase name="testRegisterCustomerForSession()" classname="ca.mcgill.ecse321.gymregistration.service.TestCustomerRegistrationService" time="0.013"/>
  <testcase name="testRemoveCustomerFromSession()" classname="ca.mcgill.ecse321.gymregistration.service.TestCustomerRegistrationService" time="0.048"/>
  <testcase name="testRegisterForInProgress()" classname="ca.mcgill.ecse321.gymregistration.service.TestCustomerRegistrationService" time="0.011"/>
  <testcase name="testRegisterForSessionWithoutCreditInformation()" classname="ca.mcgill.ecse321.gymregistration.service.TestCustomerRegistrationService" time="0.017"/>
  <testcase name="testGetRegistration()" classname="ca.mcgill.ecse321.gymregistration.service.TestCustomerRegistrationService" time="0.015"/>
  <testcase name="testUpdateRegistration()" classname="ca.mcgill.ecse321.gymregistration.service.TestCustomerRegistrationService" time="0.012"/>
  <testcase name="testRemoveCustomerFromSessionNonExistantCustomer()" classname="ca.mcgill.ecse321.gymregistration.service.TestCustomerRegistrationService" time="0.016"/>
  <testcase name="testRemoveCustomerFromSessionNullEmail()" classname="ca.mcgill.ecse321.gymregistration.service.TestCustomerRegistrationService" time="0.012"/>
  <testcase name="testRemoveCustomerFromSessionInvalidPermissions()" classname="ca.mcgill.ecse321.gymregistration.service.TestCustomerRegistrationService" time="0.011"/>
  <testcase name="testRemoveCustomerFromSessionInvalidSessionId()" classname="ca.mcgill.ecse321.gymregistration.service.TestCustomerRegistrationService" time="0.009"/>
  <testcase name="testGetRegistrationsBySession()" classname="ca.mcgill.ecse321.gymregistration.service.TestCustomerRegistrationService" time="0.021"/>
  <testcase name="testRemoveCustomerAllFromSessions()" classname="ca.mcgill.ecse321.gymregistration.service.TestCustomerRegistrationService" time="0.013"/>
  <testcase name="testRegisterNonexistentCustomer()" classname="ca.mcgill.ecse321.gymregistration.service.TestCustomerRegistrationService" time="0.041"/>
  <system-out><![CDATA[]]></system-out>
  <system-err><![CDATA[]]></system-err>
</testsuite>
