<?xml version="1.0" encoding="UTF-8"?>
<testsuite name="ca.mcgill.ecse321.gymregistration.service.TestClassTypeService" tests="37" skipped="0" failures="0" errors="0" timestamp="2024-04-08T18:25:17" hostname="Eriks-MacBook-Air-2.local" time="1.082">
  <properties/>
  <testcase name="testUpdateClasstypeCustomer()" classname="ca.mcgill.ecse321.gymregistration.service.TestClassTypeService" time="0.286"/>
  <testcase name="testUpdateClasstypeNewNameEmpty()" classname="ca.mcgill.ecse321.gymregistration.service.TestClassTypeService" time="0.008"/>
  <testcase name="testApproveProposedClassTypeInstructor()" classname="ca.mcgill.ecse321.gymregistration.service.TestClassTypeService" time="0.006"/>
  <testcase name="testCreateClasstype()" classname="ca.mcgill.ecse321.gymregistration.service.TestClassTypeService" time="0.007"/>
  <testcase name="testGetClassTypeNameEmpty()" classname="ca.mcgill.ecse321.gymregistration.service.TestClassTypeService" time="0.005"/>
  <testcase name="testCreateClasstypeNotApproved()" classname="ca.mcgill.ecse321.gymregistration.service.TestClassTypeService" time="0.004"/>
  <testcase name="createClassTypeMaxReached()" classname="ca.mcgill.ecse321.gymregistration.service.TestClassTypeService" time="0.339"/>
  <testcase name="testCreateClasstypeNameNull()" classname="ca.mcgill.ecse321.gymregistration.service.TestClassTypeService" time="0.086"/>
  <testcase name="testGetClassTypeNameNull()" classname="ca.mcgill.ecse321.gymregistration.service.TestClassTypeService" time="0.009"/>
  <testcase name="testUpdateClasstypeNotApproved()" classname="ca.mcgill.ecse321.gymregistration.service.TestClassTypeService" time="0.002"/>
  <testcase name="testProposeClassType()" classname="ca.mcgill.ecse321.gymregistration.service.TestClassTypeService" time="0.003"/>
  <testcase name="testProposeClassTypeCustomer()" classname="ca.mcgill.ecse321.gymregistration.service.TestClassTypeService" time="0.006"/>
  <testcase name="testProposeClassTypeEmptyName()" classname="ca.mcgill.ecse321.gymregistration.service.TestClassTypeService" time="0.006"/>
  <testcase name="testDeleteClassTypeCustomer()" classname="ca.mcgill.ecse321.gymregistration.service.TestClassTypeService" time="0.005"/>
  <testcase name="testProposeClassTypeExists()" classname="ca.mcgill.ecse321.gymregistration.service.TestClassTypeService" time="0.007"/>
  <testcase name="testProposeClassTypeNoName()" classname="ca.mcgill.ecse321.gymregistration.service.TestClassTypeService" time="0.003"/>
  <testcase name="testCreateClasstypeEmpty()" classname="ca.mcgill.ecse321.gymregistration.service.TestClassTypeService" time="0.002"/>
  <testcase name="testApproveProposedClassTypeCustomer()" classname="ca.mcgill.ecse321.gymregistration.service.TestClassTypeService" time="0.005"/>
  <testcase name="testDeleteClassTypeInstructor()" classname="ca.mcgill.ecse321.gymregistration.service.TestClassTypeService" time="0.006"/>
  <testcase name="testUpdateClasstypeNewNameNull()" classname="ca.mcgill.ecse321.gymregistration.service.TestClassTypeService" time="0.002"/>
  <testcase name="testApproveProposedClassType()" classname="ca.mcgill.ecse321.gymregistration.service.TestClassTypeService" time="0.007"/>
  <testcase name="testDeleteClassTypeDoesNotExist()" classname="ca.mcgill.ecse321.gymregistration.service.TestClassTypeService" time="0.005"/>
  <testcase name="testCreateClasstypeAlreadyExists()" classname="ca.mcgill.ecse321.gymregistration.service.TestClassTypeService" time="0.003"/>
  <testcase name="testUpdateClasstypeDoesNotExist()" classname="ca.mcgill.ecse321.gymregistration.service.TestClassTypeService" time="0.003"/>
  <testcase name="testDeleteClassType()" classname="ca.mcgill.ecse321.gymregistration.service.TestClassTypeService" time="0.043"/>
  <testcase name="testProposeClassTypeMax()" classname="ca.mcgill.ecse321.gymregistration.service.TestClassTypeService" time="0.01"/>
  <testcase name="testCreateClasstypeNameEmpty()" classname="ca.mcgill.ecse321.gymregistration.service.TestClassTypeService" time="0.009"/>
  <testcase name="testGetAllClassTypeNone()" classname="ca.mcgill.ecse321.gymregistration.service.TestClassTypeService" time="0.005"/>
  <testcase name="testGetAllClassTypesOne()" classname="ca.mcgill.ecse321.gymregistration.service.TestClassTypeService" time="0.005"/>
  <testcase name="testGetAllClassTypesMultiple()" classname="ca.mcgill.ecse321.gymregistration.service.TestClassTypeService" time="0.009"/>
  <testcase name="testGetClassType()" classname="ca.mcgill.ecse321.gymregistration.service.TestClassTypeService" time="0.006"/>
  <testcase name="testUpdateClasstype()" classname="ca.mcgill.ecse321.gymregistration.service.TestClassTypeService" time="0.009"/>
  <testcase name="testCreateClasstypeCustomer()" classname="ca.mcgill.ecse321.gymregistration.service.TestClassTypeService" time="0.014"/>
  <testcase name="testApproveProposedClassTypeNoExist()" classname="ca.mcgill.ecse321.gymregistration.service.TestClassTypeService" time="0.008"/>
  <testcase name="testCreateClasstypeInstructor()" classname="ca.mcgill.ecse321.gymregistration.service.TestClassTypeService" time="0.006"/>
  <testcase name="testProposeClassTypeOwner()" classname="ca.mcgill.ecse321.gymregistration.service.TestClassTypeService" time="0.006"/>
  <testcase name="testUpdateClasstypeInstructor()" classname="ca.mcgill.ecse321.gymregistration.service.TestClassTypeService" time="0.004"/>
  <system-out><![CDATA[here
]]></system-out>
  <system-err><![CDATA[]]></system-err>
</testsuite>
