<?xml version="1.0" encoding="UTF-8"?>
<testsuite name="ca.mcgill.ecse321.gymregistration.integration.PersonServiceIntegrationTest" tests="6" skipped="0" failures="0" errors="0" timestamp="2024-04-12T23:11:32" hostname="Eriks-MacBook-Air-2.local" time="1.18">
  <properties/>
  <testcase name="testCreateInvalidPerson()" classname="ca.mcgill.ecse321.gymregistration.integration.PersonServiceIntegrationTest" time="0.657"/>
  <testcase name="testCreateAndGetPersonByName()" classname="ca.mcgill.ecse321.gymregistration.integration.PersonServiceIntegrationTest" time="0.28"/>
  <testcase name="testCreateAndUpdatePerson()" classname="ca.mcgill.ecse321.gymregistration.integration.PersonServiceIntegrationTest" time="0.074"/>
  <testcase name="testCreateAndDeletePerson()" classname="ca.mcgill.ecse321.gymregistration.integration.PersonServiceIntegrationTest" time="0.046"/>
  <testcase name="testCreateAndGetPersonById()" classname="ca.mcgill.ecse321.gymregistration.integration.PersonServiceIntegrationTest" time="0.03"/>
  <testcase name="testCreateAndGetPersons()" classname="ca.mcgill.ecse321.gymregistration.integration.PersonServiceIntegrationTest" time="0.066"/>
  <system-out><![CDATA[2024-04-12T19:11:31.643-04:00  INFO 57049 --- [    Test worker] t.c.s.AnnotationConfigContextLoaderUtils : Could not detect default configuration classes for test class [ca.mcgill.ecse321.gymregistration.integration.PersonServiceIntegrationTest]: PersonServiceIntegrationTest does not declare any static, non-private, non-final, nested classes annotated with @Configuration.
2024-04-12T19:11:31.873-04:00  INFO 57049 --- [    Test worker] .b.t.c.SpringBootTestContextBootstrapper : Found @SpringBootConfiguration ca.mcgill.ecse321.gymregistration.GymregistrationApplication for test class ca.mcgill.ecse321.gymregistration.integration.PersonServiceIntegrationTest
]]></system-out>
  <system-err><![CDATA[]]></system-err>
</testsuite>
