<?xml version="1.0" encoding="UTF-8"?>
<testsuite name="ca.mcgill.ecse321.gymregistration.GymregistrationApplicationTests" tests="1" skipped="0" failures="0" errors="0" timestamp="2024-04-12T23:11:17" hostname="Eriks-MacBook-Air-2.local" time="1.987">
  <properties/>
  <testcase name="contextLoads()" classname="ca.mcgill.ecse321.gymregistration.GymregistrationApplicationTests" time="1.987"/>
  <system-out><![CDATA[19:10:59.532 [Test worker] INFO org.springframework.test.context.support.AnnotationConfigContextLoaderUtils -- Could not detect default configuration classes for test class [ca.mcgill.ecse321.gymregistration.GymregistrationApplicationTests]: GymregistrationApplicationTests does not declare any static, non-private, non-final, nested classes annotated with @Configuration.
19:10:59.831 [Test worker] INFO org.springframework.boot.test.context.SpringBootTestContextBootstrapper -- Found @SpringBootConfiguration ca.mcgill.ecse321.gymregistration.GymregistrationApplication for test class ca.mcgill.ecse321.gymregistration.GymregistrationApplicationTests

  .   ____          _            __ _ _
 /\\ / ___'_ __ _ _(_)_ __  __ _ \ \ \ \
( ( )\___ | '_ | '_| | '_ \/ _` | \ \ \ \
 \\/  ___)| |_)| | | | | || (_| |  ) ) ) )
  '  |____| .__|_| |_|_| |_\__, | / / / /
 =========|_|==============|___/=/_/_/_/
 :: Spring Boot ::                (v3.2.2)

2024-04-12T19:11:01.229-04:00  INFO 57049 --- [    Test worker] c.m.e.g.GymregistrationApplicationTests  : Starting GymregistrationApplicationTests using Java 21.0.2 with PID 57049 (started by erikcupsa in /Users/erikcupsa/Desktop/Coding/ECSE 321/project-group-3/GymRegistration-Backend)
2024-04-12T19:11:01.278-04:00  INFO 57049 --- [    Test worker] c.m.e.g.GymregistrationApplicationTests  : No active profile set, falling back to 1 default profile: "default"
2024-04-12T19:11:03.919-04:00  INFO 57049 --- [    Test worker] .s.d.r.c.RepositoryConfigurationDelegate : Bootstrapping Spring Data JPA repositories in DEFAULT mode.
2024-04-12T19:11:04.141-04:00  INFO 57049 --- [    Test worker] .s.d.r.c.RepositoryConfigurationDelegate : Finished Spring Data repository scanning in 196 ms. Found 8 JPA repository interfaces.
2024-04-12T19:11:06.561-04:00  INFO 57049 --- [    Test worker] o.hibernate.jpa.internal.util.LogHelper  : HHH000204: Processing PersistenceUnitInfo [name: default]
2024-04-12T19:11:06.750-04:00  INFO 57049 --- [    Test worker] org.hibernate.Version                    : HHH000412: Hibernate ORM core version 6.4.1.Final
2024-04-12T19:11:06.845-04:00  INFO 57049 --- [    Test worker] o.h.c.internal.RegionFactoryInitiator    : HHH000026: Second-level cache disabled
2024-04-12T19:11:07.575-04:00  INFO 57049 --- [    Test worker] o.s.o.j.p.SpringPersistenceUnitInfo      : No LoadTimeWeaver setup: ignoring JPA class transformer
2024-04-12T19:11:07.677-04:00  INFO 57049 --- [    Test worker] com.zaxxer.hikari.HikariDataSource       : HikariPool-1 - Starting...
2024-04-12T19:11:08.125-04:00  INFO 57049 --- [    Test worker] com.zaxxer.hikari.pool.HikariPool        : HikariPool-1 - Added connection org.postgresql.jdbc.PgConnection@200eaca
2024-04-12T19:11:08.138-04:00  INFO 57049 --- [    Test worker] com.zaxxer.hikari.HikariDataSource       : HikariPool-1 - Start completed.
2024-04-12T19:11:11.964-04:00  INFO 57049 --- [    Test worker] o.h.e.t.j.p.i.JtaPlatformInitiator       : HHH000489: No JTA platform available (set 'hibernate.transaction.jta.platform' to enable JTA platform integration)
2024-04-12T19:11:12.315-04:00  INFO 57049 --- [    Test worker] j.LocalContainerEntityManagerFactoryBean : Initialized JPA EntityManagerFactory for persistence unit 'default'
2024-04-12T19:11:15.829-04:00  WARN 57049 --- [    Test worker] JpaBaseConfiguration$JpaWebConfiguration : spring.jpa.open-in-view is enabled by default. Therefore, database queries may be performed during view rendering. Explicitly configure spring.jpa.open-in-view to disable this warning
2024-04-12T19:11:17.015-04:00  INFO 57049 --- [    Test worker] c.m.e.g.GymregistrationApplicationTests  : Started GymregistrationApplicationTests in 16.832 seconds (process running for 21.916)
]]></system-out>
  <system-err><![CDATA[WARNING: A Java agent has been loaded dynamically (/Users/erikcupsa/.gradle/caches/modules-2/files-2.1/net.bytebuddy/byte-buddy-agent/1.14.11/f9cb566608fbac6bc7bf54901a7aa11543a989ee/byte-buddy-agent-1.14.11.jar)
WARNING: If a serviceability tool is in use, please run with -XX:+EnableDynamicAgentLoading to hide this warning
WARNING: If a serviceability tool is not in use, please run with -Djdk.instrument.traceUsage for more information
WARNING: Dynamic loading of agents will be disallowed by default in a future release
]]></system-err>
</testsuite>
