<?xml version="1.0" encoding="UTF-8"?>
<testsuite name="ca.mcgill.ecse321.gymregistration.integration.SessionServiceIntegrationTest" tests="2" skipped="0" failures="0" errors="0" timestamp="2024-04-08T06:34:59" hostname="Eriks-MacBook-Air-2.local" time="0.284">
  <properties/>
  <testcase name="testCreateandGetSession()" classname="ca.mcgill.ecse321.gymregistration.integration.SessionServiceIntegrationTest" time="0.157"/>
  <testcase name="testCreateandDeleteSessionOneClassType()" classname="ca.mcgill.ecse321.gymregistration.integration.SessionServiceIntegrationTest" time="0.125"/>
  <system-out><![CDATA[2024-04-08T02:34:59.264-04:00  INFO 91168 --- [    Test worker] t.c.s.AnnotationConfigContextLoaderUtils : Could not detect default configuration classes for test class [ca.mcgill.ecse321.gymregistration.integration.SessionServiceIntegrationTest]: SessionServiceIntegrationTest does not declare any static, non-private, non-final, nested classes annotated with @Configuration.
2024-04-08T02:34:59.269-04:00  INFO 91168 --- [    Test worker] .b.t.c.SpringBootTestContextBootstrapper : Found @SpringBootConfiguration ca.mcgill.ecse321.gymregistration.GymregistrationApplication for test class ca.mcgill.ecse321.gymregistration.integration.SessionServiceIntegrationTest
false
]]></system-out>
  <system-err><![CDATA[]]></system-err>
</testsuite>
