<?xml version="1.0" encoding="UTF-8"?>
<testsuite name="ca.mcgill.ecse321.gymregistration.integration.InstructorServiceIntegrationTests" tests="6" skipped="0" failures="0" errors="0" timestamp="2024-04-08T06:34:45" hostname="Eriks-MacBook-Air-2.local" time="4.505">
  <properties/>
  <testcase name="testCreateInvalidInstructor()" classname="ca.mcgill.ecse321.gymregistration.integration.InstructorServiceIntegrationTests" time="3.697"/>
  <testcase name="testcreateAndLogInInstructor()" classname="ca.mcgill.ecse321.gymregistration.integration.InstructorServiceIntegrationTests" time="0.195"/>
  <testcase name="testCreateAndGetInstructors()" classname="ca.mcgill.ecse321.gymregistration.integration.InstructorServiceIntegrationTests" time="0.203"/>
  <testcase name="testCreateAndGetInstructor()" classname="ca.mcgill.ecse321.gymregistration.integration.InstructorServiceIntegrationTests" time="0.094"/>
  <testcase name="testCreateAndDeleteInstructor()" classname="ca.mcgill.ecse321.gymregistration.integration.InstructorServiceIntegrationTests" time="0.137"/>
  <testcase name="testCreateandUpdateInstructorEmail()" classname="ca.mcgill.ecse321.gymregistration.integration.InstructorServiceIntegrationTests" time="0.103"/>
  <system-out><![CDATA[02:34:20.832 [Test worker] INFO org.springframework.test.context.support.AnnotationConfigContextLoaderUtils -- Could not detect default configuration classes for test class [ca.mcgill.ecse321.gymregistration.integration.InstructorServiceIntegrationTests]: InstructorServiceIntegrationTests does not declare any static, non-private, non-final, nested classes annotated with @Configuration.
02:34:21.566 [Test worker] INFO org.springframework.boot.test.context.SpringBootTestContextBootstrapper -- Found @SpringBootConfiguration ca.mcgill.ecse321.gymregistration.GymregistrationApplication for test class ca.mcgill.ecse321.gymregistration.integration.InstructorServiceIntegrationTests

  .   ____          _            __ _ _
 /\\ / ___'_ __ _ _(_)_ __  __ _ \ \ \ \
( ( )\___ | '_ | '_| | '_ \/ _` | \ \ \ \
 \\/  ___)| |_)| | | | | || (_| |  ) ) ) )
  '  |____| .__|_| |_|_| |_\__, | / / / /
 =========|_|==============|___/=/_/_/_/
 :: Spring Boot ::                (v3.2.2)

2024-04-08T02:34:25.133-04:00  INFO 91168 --- [    Test worker] .e.g.i.InstructorServiceIntegrationTests : Starting InstructorServiceIntegrationTests using Java 21.0.2 with PID 91168 (started by erikcupsa in /Users/erikcupsa/Desktop/Coding/ECSE 321/project-group-3/GymRegistration-Backend)
2024-04-08T02:34:25.237-04:00  INFO 91168 --- [    Test worker] .e.g.i.InstructorServiceIntegrationTests : No active profile set, falling back to 1 default profile: "default"
2024-04-08T02:34:30.434-04:00  INFO 91168 --- [    Test worker] .s.d.r.c.RepositoryConfigurationDelegate : Bootstrapping Spring Data JPA repositories in DEFAULT mode.
2024-04-08T02:34:30.699-04:00  INFO 91168 --- [    Test worker] .s.d.r.c.RepositoryConfigurationDelegate : Finished Spring Data repository scanning in 242 ms. Found 8 JPA repository interfaces.
2024-04-08T02:34:33.735-04:00  INFO 91168 --- [    Test worker] o.s.b.w.embedded.tomcat.TomcatWebServer  : Tomcat initialized with port 0 (http)
2024-04-08T02:34:33.797-04:00  INFO 91168 --- [    Test worker] o.apache.catalina.core.StandardService   : Starting service [Tomcat]
2024-04-08T02:34:33.798-04:00  INFO 91168 --- [    Test worker] o.apache.catalina.core.StandardEngine    : Starting Servlet engine: [Apache Tomcat/10.1.18]
2024-04-08T02:34:33.977-04:00  INFO 91168 --- [    Test worker] o.a.c.c.C.[Tomcat].[localhost].[/]       : Initializing Spring embedded WebApplicationContext
2024-04-08T02:34:33.982-04:00  INFO 91168 --- [    Test worker] w.s.c.ServletWebServerApplicationContext : Root WebApplicationContext: initialization completed in 8540 ms
2024-04-08T02:34:34.653-04:00  INFO 91168 --- [    Test worker] o.hibernate.jpa.internal.util.LogHelper  : HHH000204: Processing PersistenceUnitInfo [name: default]
2024-04-08T02:34:34.833-04:00  INFO 91168 --- [    Test worker] org.hibernate.Version                    : HHH000412: Hibernate ORM core version 6.4.1.Final
2024-04-08T02:34:34.934-04:00  INFO 91168 --- [    Test worker] o.h.c.internal.RegionFactoryInitiator    : HHH000026: Second-level cache disabled
2024-04-08T02:34:35.813-04:00  INFO 91168 --- [    Test worker] o.s.o.j.p.SpringPersistenceUnitInfo      : No LoadTimeWeaver setup: ignoring JPA class transformer
2024-04-08T02:34:35.963-04:00  INFO 91168 --- [    Test worker] com.zaxxer.hikari.HikariDataSource       : HikariPool-1 - Starting...
2024-04-08T02:34:36.403-04:00  INFO 91168 --- [    Test worker] com.zaxxer.hikari.pool.HikariPool        : HikariPool-1 - Added connection org.postgresql.jdbc.PgConnection@3976dacd
2024-04-08T02:34:36.407-04:00  INFO 91168 --- [    Test worker] com.zaxxer.hikari.HikariDataSource       : HikariPool-1 - Start completed.
2024-04-08T02:34:40.341-04:00  INFO 91168 --- [    Test worker] o.h.e.t.j.p.i.JtaPlatformInitiator       : HHH000489: No JTA platform available (set 'hibernate.transaction.jta.platform' to enable JTA platform integration)
2024-04-08T02:34:40.695-04:00  INFO 91168 --- [    Test worker] j.LocalContainerEntityManagerFactoryBean : Initialized JPA EntityManagerFactory for persistence unit 'default'
2024-04-08T02:34:43.451-04:00  WARN 91168 --- [    Test worker] JpaBaseConfiguration$JpaWebConfiguration : spring.jpa.open-in-view is enabled by default. Therefore, database queries may be performed during view rendering. Explicitly configure spring.jpa.open-in-view to disable this warning
2024-04-08T02:34:45.354-04:00  INFO 91168 --- [    Test worker] o.s.b.w.embedded.tomcat.TomcatWebServer  : Tomcat started on port 60205 (http) with context path ''
2024-04-08T02:34:45.395-04:00  INFO 91168 --- [    Test worker] .e.g.i.InstructorServiceIntegrationTests : Started InstructorServiceIntegrationTests in 22.564 seconds (process running for 29.507)
2024-04-08T02:34:48.522-04:00  INFO 91168 --- [o-auto-1-exec-1] o.a.c.c.C.[Tomcat].[localhost].[/]       : Initializing Spring DispatcherServlet 'dispatcherServlet'
2024-04-08T02:34:48.530-04:00  INFO 91168 --- [o-auto-1-exec-1] o.s.web.servlet.DispatcherServlet        : Initializing Servlet 'dispatcherServlet'
2024-04-08T02:34:48.562-04:00  INFO 91168 --- [o-auto-1-exec-1] o.s.web.servlet.DispatcherServlet        : Completed initialization in 29 ms
2024-04-08T02:34:49.779-04:00  WARN 91168 --- [o-auto-1-exec-3] .w.s.m.s.DefaultHandlerExceptionResolver : Resolved [org.springframework.http.converter.HttpMessageNotReadableException: Required request body is missing: public void ca.mcgill.ecse321.gymregistration.controller.InstructorRestController.deleteInstructor(java.lang.String,ca.mcgill.ecse321.gymregistration.model.GymUser) throws java.lang.IllegalArgumentException]
]]></system-out>
  <system-err><![CDATA[WARNING: A Java agent has been loaded dynamically (/Users/erikcupsa/.gradle/caches/modules-2/files-2.1/net.bytebuddy/byte-buddy-agent/1.14.11/f9cb566608fbac6bc7bf54901a7aa11543a989ee/byte-buddy-agent-1.14.11.jar)
WARNING: If a serviceability tool is in use, please run with -XX:+EnableDynamicAgentLoading to hide this warning
WARNING: If a serviceability tool is not in use, please run with -Djdk.instrument.traceUsage for more information
WARNING: Dynamic loading of agents will be disallowed by default in a future release
]]></system-err>
</testsuite>
