<?xml version="1.0" encoding="UTF-8"?>
<testsuite name="ca.mcgill.ecse321.gymregistration.integration.PersonServiceIntegrationTest" tests="6" skipped="0" failures="0" errors="0" timestamp="2024-04-08T06:34:58" hostname="Eriks-MacBook-Air-2.local" time="0.275">
  <properties/>
  <testcase name="testCreateInvalidPerson()" classname="ca.mcgill.ecse321.gymregistration.integration.PersonServiceIntegrationTest" time="0.042"/>
  <testcase name="testCreateAndGetPersonByName()" classname="ca.mcgill.ecse321.gymregistration.integration.PersonServiceIntegrationTest" time="0.058"/>
  <testcase name="testCreateAndUpdatePerson()" classname="ca.mcgill.ecse321.gymregistration.integration.PersonServiceIntegrationTest" time="0.045"/>
  <testcase name="testCreateAndDeletePerson()" classname="ca.mcgill.ecse321.gymregistration.integration.PersonServiceIntegrationTest" time="0.039"/>
  <testcase name="testCreateAndGetPersonById()" classname="ca.mcgill.ecse321.gymregistration.integration.PersonServiceIntegrationTest" time="0.032"/>
  <testcase name="testCreateAndGetPersons()" classname="ca.mcgill.ecse321.gymregistration.integration.PersonServiceIntegrationTest" time="0.047"/>
  <system-out><![CDATA[2024-04-08T02:34:58.965-04:00  INFO 91168 --- [    Test worker] t.c.s.AnnotationConfigContextLoaderUtils : Could not detect default configuration classes for test class [ca.mcgill.ecse321.gymregistration.integration.PersonServiceIntegrationTest]: PersonServiceIntegrationTest does not declare any static, non-private, non-final, nested classes annotated with @Configuration.
2024-04-08T02:34:58.970-04:00  INFO 91168 --- [    Test worker] .b.t.c.SpringBootTestContextBootstrapper : Found @SpringBootConfiguration ca.mcgill.ecse321.gymregistration.GymregistrationApplication for test class ca.mcgill.ecse321.gymregistration.integration.PersonServiceIntegrationTest
]]></system-out>
  <system-err><![CDATA[]]></system-err>
</testsuite>
