<?xml version="1.0" encoding="UTF-8"?>
<testsuite name="ca.mcgill.ecse321.gymregistration.repository.SessionTests" tests="2" skipped="0" failures="0" errors="0" timestamp="2024-04-12T23:11:34" hostname="Eriks-MacBook-Air-2.local" time="0.102">
  <properties/>
  <testcase name="testFindSessionsByClassTypeName()" classname="ca.mcgill.ecse321.gymregistration.repository.SessionTests" time="0.058"/>
  <testcase name="testCreateAndReadSession()" classname="ca.mcgill.ecse321.gymregistration.repository.SessionTests" time="0.039"/>
  <system-out><![CDATA[2024-04-12T19:11:34.565-04:00  INFO 57049 --- [    Test worker] t.c.s.AnnotationConfigContextLoaderUtils : Could not detect default configuration classes for test class [ca.mcgill.ecse321.gymregistration.repository.SessionTests]: SessionTests does not declare any static, non-private, non-final, nested classes annotated with @Configuration.
2024-04-12T19:11:34.572-04:00  INFO 57049 --- [    Test worker] .b.t.c.SpringBootTestContextBootstrapper : Found @SpringBootConfiguration ca.mcgill.ecse321.gymregistration.GymregistrationApplication for test class ca.mcgill.ecse321.gymregistration.repository.SessionTests
]]></system-out>
  <system-err><![CDATA[]]></system-err>
</testsuite>
