<?xml version="1.0" encoding="UTF-8"?>
<testsuite name="ca.mcgill.ecse321.gymregistration.service.TestPersonService" tests="20" skipped="0" failures="0" errors="0" timestamp="2024-04-07T21:29:03" hostname="Eriks-MacBook-Air-2.local" time="0.343">
  <properties/>
  <testcase name="updatePersonToEmptyName()" classname="ca.mcgill.ecse321.gymregistration.service.TestPersonService" time="0.014"/>
  <testcase name="testGetAllPersonsOne()" classname="ca.mcgill.ecse321.gymregistration.service.TestPersonService" time="0.005"/>
  <testcase name="testCreatePerson()" classname="ca.mcgill.ecse321.gymregistration.service.TestPersonService" time="0.003"/>
  <testcase name="testGetPersonsWithNameOne()" classname="ca.mcgill.ecse321.gymregistration.service.TestPersonService" time="0.003"/>
  <testcase name="testGetPersonWithNameMultiple()" classname="ca.mcgill.ecse321.gymregistration.service.TestPersonService" time="0.153"/>
  <testcase name="updatePerson()" classname="ca.mcgill.ecse321.gymregistration.service.TestPersonService" time="0.01"/>
  <testcase name="updatePersonInvalidName()" classname="ca.mcgill.ecse321.gymregistration.service.TestPersonService" time="0.012"/>
  <testcase name="testCreatePersonNullName()" classname="ca.mcgill.ecse321.gymregistration.service.TestPersonService" time="0.006"/>
  <testcase name="updatePersonInvalidId()" classname="ca.mcgill.ecse321.gymregistration.service.TestPersonService" time="0.006"/>
  <testcase name="testGetAllPersonsMultiple()" classname="ca.mcgill.ecse321.gymregistration.service.TestPersonService" time="0.026"/>
  <testcase name="testDeletePersonDoesNotExist()" classname="ca.mcgill.ecse321.gymregistration.service.TestPersonService" time="0.009"/>
  <testcase name="testCreatePersonEmptryName()" classname="ca.mcgill.ecse321.gymregistration.service.TestPersonService" time="0.006"/>
  <testcase name="testDeletePerson()" classname="ca.mcgill.ecse321.gymregistration.service.TestPersonService" time="0.005"/>
  <testcase name="testGetPersonInvalidId()" classname="ca.mcgill.ecse321.gymregistration.service.TestPersonService" time="0.005"/>
  <testcase name="testGetAllPersonsNone()" classname="ca.mcgill.ecse321.gymregistration.service.TestPersonService" time="0.008"/>
  <testcase name="getPerson()" classname="ca.mcgill.ecse321.gymregistration.service.TestPersonService" time="0.004"/>
  <testcase name="testGetPersonWithEmptyName()" classname="ca.mcgill.ecse321.gymregistration.service.TestPersonService" time="0.006"/>
  <testcase name="testGetPersonWithNameNone()" classname="ca.mcgill.ecse321.gymregistration.service.TestPersonService" time="0.008"/>
  <testcase name="updatePersonToNullName()" classname="ca.mcgill.ecse321.gymregistration.service.TestPersonService" time="0.004"/>
  <testcase name="testGetPersonWithNullName()" classname="ca.mcgill.ecse321.gymregistration.service.TestPersonService" time="0.01"/>
  <system-out><![CDATA[]]></system-out>
  <system-err><![CDATA[]]></system-err>
</testsuite>
