<?xml version="1.0" encoding="UTF-8"?>
<testsuite name="ca.mcgill.ecse321.gymregistration.integration.ClassTypeServiceIntegrationTest" tests="4" skipped="0" failures="0" errors="0" timestamp="2024-04-08T18:25:02" hostname="Eriks-MacBook-Air-2.local" time="3.393">
  <properties/>
  <testcase name="testCreateAndGetClassTypeByName()" classname="ca.mcgill.ecse321.gymregistration.integration.ClassTypeServiceIntegrationTest" time="2.783"/>
  <testcase name="testProposeAndApproveClassType()" classname="ca.mcgill.ecse321.gymregistration.integration.ClassTypeServiceIntegrationTest" time="0.258"/>
  <testcase name="testCreateAndApproveProposedClassType()" classname="ca.mcgill.ecse321.gymregistration.integration.ClassTypeServiceIntegrationTest" time="0.099"/>
  <testcase name="testGetAllClassTypes()" classname="ca.mcgill.ecse321.gymregistration.integration.ClassTypeServiceIntegrationTest" time="0.184"/>
  <system-out><![CDATA[2024-04-08T14:24:56.840-04:00  INFO 97837 --- [    Test worker] t.c.s.AnnotationConfigContextLoaderUtils : Could not detect default configuration classes for test class [ca.mcgill.ecse321.gymregistration.integration.ClassTypeServiceIntegrationTest]: ClassTypeServiceIntegrationTest does not declare any static, non-private, non-final, nested classes annotated with @Configuration.
2024-04-08T14:24:57.163-04:00  INFO 97837 --- [    Test worker] .b.t.c.SpringBootTestContextBootstrapper : Found @SpringBootConfiguration ca.mcgill.ecse321.gymregistration.GymregistrationApplication for test class ca.mcgill.ecse321.gymregistration.integration.ClassTypeServiceIntegrationTest

  .   ____          _            __ _ _
 /\\ / ___'_ __ _ _(_)_ __  __ _ \ \ \ \
( ( )\___ | '_ | '_| | '_ \/ _` | \ \ \ \
 \\/  ___)| |_)| | | | | || (_| |  ) ) ) )
  '  |____| .__|_| |_|_| |_\__, | / / / /
 =========|_|==============|___/=/_/_/_/
 :: Spring Boot ::                (v3.2.2)

2024-04-08T14:24:57.655-04:00  INFO 97837 --- [    Test worker] .m.e.g.i.ClassTypeServiceIntegrationTest : Starting ClassTypeServiceIntegrationTest using Java 21.0.2 with PID 97837 (started by erikcupsa in /Users/erikcupsa/Desktop/Coding/ECSE 321/project-group-3/GymRegistration-Backend)
2024-04-08T14:24:57.658-04:00  INFO 97837 --- [    Test worker] .m.e.g.i.ClassTypeServiceIntegrationTest : No active profile set, falling back to 1 default profile: "default"
2024-04-08T14:24:58.378-04:00  INFO 97837 --- [    Test worker] .s.d.r.c.RepositoryConfigurationDelegate : Bootstrapping Spring Data JPA repositories in DEFAULT mode.
2024-04-08T14:24:58.449-04:00  INFO 97837 --- [    Test worker] .s.d.r.c.RepositoryConfigurationDelegate : Finished Spring Data repository scanning in 68 ms. Found 8 JPA repository interfaces.
2024-04-08T14:24:59.117-04:00  INFO 97837 --- [    Test worker] o.s.b.w.embedded.tomcat.TomcatWebServer  : Tomcat initialized with port 0 (http)
2024-04-08T14:24:59.154-04:00  INFO 97837 --- [    Test worker] o.apache.catalina.core.StandardService   : Starting service [Tomcat]
2024-04-08T14:24:59.156-04:00  INFO 97837 --- [    Test worker] o.apache.catalina.core.StandardEngine    : Starting Servlet engine: [Apache Tomcat/10.1.18]
2024-04-08T14:24:59.603-04:00  INFO 97837 --- [    Test worker] o.a.c.c.C.[Tomcat].[localhost].[/]       : Initializing Spring embedded WebApplicationContext
2024-04-08T14:24:59.645-04:00  INFO 97837 --- [    Test worker] w.s.c.ServletWebServerApplicationContext : Root WebApplicationContext: initialization completed in 1943 ms
2024-04-08T14:25:00.237-04:00  INFO 97837 --- [    Test worker] o.hibernate.jpa.internal.util.LogHelper  : HHH000204: Processing PersistenceUnitInfo [name: default]
2024-04-08T14:25:00.248-04:00  INFO 97837 --- [    Test worker] o.h.c.internal.RegionFactoryInitiator    : HHH000026: Second-level cache disabled
2024-04-08T14:25:00.270-04:00  INFO 97837 --- [    Test worker] o.s.o.j.p.SpringPersistenceUnitInfo      : No LoadTimeWeaver setup: ignoring JPA class transformer
2024-04-08T14:25:00.273-04:00  INFO 97837 --- [    Test worker] com.zaxxer.hikari.HikariDataSource       : HikariPool-2 - Starting...
2024-04-08T14:25:00.389-04:00  INFO 97837 --- [    Test worker] com.zaxxer.hikari.pool.HikariPool        : HikariPool-2 - Added connection org.postgresql.jdbc.PgConnection@6f9090c6
2024-04-08T14:25:00.391-04:00  INFO 97837 --- [    Test worker] com.zaxxer.hikari.HikariDataSource       : HikariPool-2 - Start completed.
2024-04-08T14:25:01.203-04:00  INFO 97837 --- [    Test worker] o.h.e.t.j.p.i.JtaPlatformInitiator       : HHH000489: No JTA platform available (set 'hibernate.transaction.jta.platform' to enable JTA platform integration)
2024-04-08T14:25:01.355-04:00  INFO 97837 --- [    Test worker] j.LocalContainerEntityManagerFactoryBean : Initialized JPA EntityManagerFactory for persistence unit 'default'
2024-04-08T14:25:01.914-04:00  WARN 97837 --- [    Test worker] JpaBaseConfiguration$JpaWebConfiguration : spring.jpa.open-in-view is enabled by default. Therefore, database queries may be performed during view rendering. Explicitly configure spring.jpa.open-in-view to disable this warning
2024-04-08T14:25:02.611-04:00  INFO 97837 --- [    Test worker] o.s.b.w.embedded.tomcat.TomcatWebServer  : Tomcat started on port 64343 (http) with context path ''
2024-04-08T14:25:02.733-04:00  INFO 97837 --- [    Test worker] .m.e.g.i.ClassTypeServiceIntegrationTest : Started ClassTypeServiceIntegrationTest in 5.422 seconds (process running for 29.949)
2024-04-08T14:25:04.691-04:00  INFO 97837 --- [o-auto-1-exec-1] o.a.c.c.C.[Tomcat].[localhost].[/]       : Initializing Spring DispatcherServlet 'dispatcherServlet'
2024-04-08T14:25:04.700-04:00  INFO 97837 --- [o-auto-1-exec-1] o.s.web.servlet.DispatcherServlet        : Initializing Servlet 'dispatcherServlet'
2024-04-08T14:25:04.718-04:00  INFO 97837 --- [o-auto-1-exec-1] o.s.web.servlet.DispatcherServlet        : Completed initialization in 17 ms
Moving on
moving on
]]></system-out>
  <system-err><![CDATA[]]></system-err>
</testsuite>
