<?xml version="1.0" encoding="UTF-8"?>
<testsuite name="ca.mcgill.ecse321.gymregistration.GymregistrationApplicationTests" tests="1" skipped="0" failures="0" errors="0" timestamp="2024-04-08T06:34:55" hostname="Eriks-MacBook-Air-2.local" time="0.04">
  <properties/>
  <testcase name="contextLoads()" classname="ca.mcgill.ecse321.gymregistration.GymregistrationApplicationTests" time="0.04"/>
  <system-out><![CDATA[2024-04-08T02:34:49.985-04:00  INFO 91168 --- [    Test worker] t.c.s.AnnotationConfigContextLoaderUtils : Could not detect default configuration classes for test class [ca.mcgill.ecse321.gymregistration.GymregistrationApplicationTests]: GymregistrationApplicationTests does not declare any static, non-private, non-final, nested classes annotated with @Configuration.
2024-04-08T02:34:50.067-04:00  INFO 91168 --- [    Test worker] .b.t.c.SpringBootTestContextBootstrapper : Found @SpringBootConfiguration ca.mcgill.ecse321.gymregistration.GymregistrationApplication for test class ca.mcgill.ecse321.gymregistration.GymregistrationApplicationTests

  .   ____          _            __ _ _
 /\\ / ___'_ __ _ _(_)_ __  __ _ \ \ \ \
( ( )\___ | '_ | '_| | '_ \/ _` | \ \ \ \
 \\/  ___)| |_)| | | | | || (_| |  ) ) ) )
  '  |____| .__|_| |_|_| |_\__, | / / / /
 =========|_|==============|___/=/_/_/_/
 :: Spring Boot ::                (v3.2.2)

2024-04-08T02:34:50.228-04:00  INFO 91168 --- [    Test worker] c.m.e.g.GymregistrationApplicationTests  : Starting GymregistrationApplicationTests using Java 21.0.2 with PID 91168 (started by erikcupsa in /Users/erikcupsa/Desktop/Coding/ECSE 321/project-group-3/GymRegistration-Backend)
2024-04-08T02:34:50.230-04:00  INFO 91168 --- [    Test worker] c.m.e.g.GymregistrationApplicationTests  : No active profile set, falling back to 1 default profile: "default"
2024-04-08T02:34:51.425-04:00  INFO 91168 --- [    Test worker] .s.d.r.c.RepositoryConfigurationDelegate : Bootstrapping Spring Data JPA repositories in DEFAULT mode.
2024-04-08T02:34:51.572-04:00  INFO 91168 --- [    Test worker] .s.d.r.c.RepositoryConfigurationDelegate : Finished Spring Data repository scanning in 134 ms. Found 8 JPA repository interfaces.
2024-04-08T02:34:52.039-04:00  INFO 91168 --- [    Test worker] o.hibernate.jpa.internal.util.LogHelper  : HHH000204: Processing PersistenceUnitInfo [name: default]
2024-04-08T02:34:52.053-04:00  INFO 91168 --- [    Test worker] o.h.c.internal.RegionFactoryInitiator    : HHH000026: Second-level cache disabled
2024-04-08T02:34:52.076-04:00  INFO 91168 --- [    Test worker] o.s.o.j.p.SpringPersistenceUnitInfo      : No LoadTimeWeaver setup: ignoring JPA class transformer
2024-04-08T02:34:52.079-04:00  INFO 91168 --- [    Test worker] com.zaxxer.hikari.HikariDataSource       : HikariPool-2 - Starting...
2024-04-08T02:34:52.142-04:00  INFO 91168 --- [    Test worker] com.zaxxer.hikari.pool.HikariPool        : HikariPool-2 - Added connection org.postgresql.jdbc.PgConnection@5c5eaad
2024-04-08T02:34:52.147-04:00  INFO 91168 --- [    Test worker] com.zaxxer.hikari.HikariDataSource       : HikariPool-2 - Start completed.
2024-04-08T02:34:53.148-04:00  INFO 91168 --- [    Test worker] o.h.e.t.j.p.i.JtaPlatformInitiator       : HHH000489: No JTA platform available (set 'hibernate.transaction.jta.platform' to enable JTA platform integration)
2024-04-08T02:34:53.311-04:00  INFO 91168 --- [    Test worker] j.LocalContainerEntityManagerFactoryBean : Initialized JPA EntityManagerFactory for persistence unit 'default'
2024-04-08T02:34:53.932-04:00  WARN 91168 --- [    Test worker] JpaBaseConfiguration$JpaWebConfiguration : spring.jpa.open-in-view is enabled by default. Therefore, database queries may be performed during view rendering. Explicitly configure spring.jpa.open-in-view to disable this warning
2024-04-08T02:34:54.955-04:00  INFO 91168 --- [    Test worker] c.m.e.g.GymregistrationApplicationTests  : Started GymregistrationApplicationTests in 4.856 seconds (process running for 39.067)
]]></system-out>
  <system-err><![CDATA[]]></system-err>
</testsuite>
