<?xml version="1.0" encoding="UTF-8"?>
<testsuite name="ca.mcgill.ecse321.gymregistration.service.TestClassTypeService" tests="37" skipped="0" failures="0" errors="0" timestamp="2024-04-12T23:11:34" hostname="Eriks-MacBook-Air-2.local" time="2.648">
  <properties/>
  <testcase name="testUpdateClasstypeCustomer()" classname="ca.mcgill.ecse321.gymregistration.service.TestClassTypeService" time="2.001"/>
  <testcase name="testUpdateClasstypeNewNameEmpty()" classname="ca.mcgill.ecse321.gymregistration.service.TestClassTypeService" time="0.036"/>
  <testcase name="testApproveProposedClassTypeInstructor()" classname="ca.mcgill.ecse321.gymregistration.service.TestClassTypeService" time="0.027"/>
  <testcase name="testCreateClasstype()" classname="ca.mcgill.ecse321.gymregistration.service.TestClassTypeService" time="0.037"/>
  <testcase name="testGetClassTypeNameEmpty()" classname="ca.mcgill.ecse321.gymregistration.service.TestClassTypeService" time="0.02"/>
  <testcase name="testCreateClasstypeNotApproved()" classname="ca.mcgill.ecse321.gymregistration.service.TestClassTypeService" time="0.012"/>
  <testcase name="createClassTypeMaxReached()" classname="ca.mcgill.ecse321.gymregistration.service.TestClassTypeService" time="0.049"/>
  <testcase name="testCreateClasstypeNameNull()" classname="ca.mcgill.ecse321.gymregistration.service.TestClassTypeService" time="0.016"/>
  <testcase name="testGetClassTypeNameNull()" classname="ca.mcgill.ecse321.gymregistration.service.TestClassTypeService" time="0.02"/>
  <testcase name="testUpdateClasstypeNotApproved()" classname="ca.mcgill.ecse321.gymregistration.service.TestClassTypeService" time="0.011"/>
  <testcase name="testProposeClassType()" classname="ca.mcgill.ecse321.gymregistration.service.TestClassTypeService" time="0.009"/>
  <testcase name="testProposeClassTypeCustomer()" classname="ca.mcgill.ecse321.gymregistration.service.TestClassTypeService" time="0.015"/>
  <testcase name="testProposeClassTypeEmptyName()" classname="ca.mcgill.ecse321.gymregistration.service.TestClassTypeService" time="0.009"/>
  <testcase name="testDeleteClassTypeCustomer()" classname="ca.mcgill.ecse321.gymregistration.service.TestClassTypeService" time="0.007"/>
  <testcase name="testProposeClassTypeExists()" classname="ca.mcgill.ecse321.gymregistration.service.TestClassTypeService" time="0.01"/>
  <testcase name="testProposeClassTypeNoName()" classname="ca.mcgill.ecse321.gymregistration.service.TestClassTypeService" time="0.009"/>
  <testcase name="testCreateClasstypeEmpty()" classname="ca.mcgill.ecse321.gymregistration.service.TestClassTypeService" time="0.005"/>
  <testcase name="testApproveProposedClassTypeCustomer()" classname="ca.mcgill.ecse321.gymregistration.service.TestClassTypeService" time="0.009"/>
  <testcase name="testDeleteClassTypeInstructor()" classname="ca.mcgill.ecse321.gymregistration.service.TestClassTypeService" time="0.008"/>
  <testcase name="testUpdateClasstypeNewNameNull()" classname="ca.mcgill.ecse321.gymregistration.service.TestClassTypeService" time="0.009"/>
  <testcase name="testApproveProposedClassType()" classname="ca.mcgill.ecse321.gymregistration.service.TestClassTypeService" time="0.01"/>
  <testcase name="testDeleteClassTypeDoesNotExist()" classname="ca.mcgill.ecse321.gymregistration.service.TestClassTypeService" time="0.01"/>
  <testcase name="testCreateClasstypeAlreadyExists()" classname="ca.mcgill.ecse321.gymregistration.service.TestClassTypeService" time="0.01"/>
  <testcase name="testUpdateClasstypeDoesNotExist()" classname="ca.mcgill.ecse321.gymregistration.service.TestClassTypeService" time="0.008"/>
  <testcase name="testDeleteClassType()" classname="ca.mcgill.ecse321.gymregistration.service.TestClassTypeService" time="0.018"/>
  <testcase name="testProposeClassTypeMax()" classname="ca.mcgill.ecse321.gymregistration.service.TestClassTypeService" time="0.012"/>
  <testcase name="testCreateClasstypeNameEmpty()" classname="ca.mcgill.ecse321.gymregistration.service.TestClassTypeService" time="0.007"/>
  <testcase name="testGetAllClassTypeNone()" classname="ca.mcgill.ecse321.gymregistration.service.TestClassTypeService" time="0.008"/>
  <testcase name="testGetAllClassTypesOne()" classname="ca.mcgill.ecse321.gymregistration.service.TestClassTypeService" time="0.011"/>
  <testcase name="testGetAllClassTypesMultiple()" classname="ca.mcgill.ecse321.gymregistration.service.TestClassTypeService" time="0.019"/>
  <testcase name="testGetClassType()" classname="ca.mcgill.ecse321.gymregistration.service.TestClassTypeService" time="0.012"/>
  <testcase name="testUpdateClasstype()" classname="ca.mcgill.ecse321.gymregistration.service.TestClassTypeService" time="0.005"/>
  <testcase name="testCreateClasstypeCustomer()" classname="ca.mcgill.ecse321.gymregistration.service.TestClassTypeService" time="0.006"/>
  <testcase name="testApproveProposedClassTypeNoExist()" classname="ca.mcgill.ecse321.gymregistration.service.TestClassTypeService" time="0.004"/>
  <testcase name="testCreateClasstypeInstructor()" classname="ca.mcgill.ecse321.gymregistration.service.TestClassTypeService" time="0.003"/>
  <testcase name="testProposeClassTypeOwner()" classname="ca.mcgill.ecse321.gymregistration.service.TestClassTypeService" time="0.008"/>
  <testcase name="testUpdateClasstypeInstructor()" classname="ca.mcgill.ecse321.gymregistration.service.TestClassTypeService" time="0.004"/>
  <system-out><![CDATA[here
]]></system-out>
  <system-err><![CDATA[]]></system-err>
</testsuite>
