<?xml version="1.0" encoding="UTF-8"?>
<testsuite name="ca.mcgill.ecse321.gymregistration.repository.InstructorTests" tests="2" skipped="0" failures="0" errors="0" timestamp="2024-04-08T18:25:12" hostname="Eriks-MacBook-Air-2.local" time="0.079">
  <properties/>
  <testcase name="testCreateAndReadInstructor()" classname="ca.mcgill.ecse321.gymregistration.repository.InstructorTests" time="0.033"/>
  <testcase name="testFindInstructorsByPersonName()" classname="ca.mcgill.ecse321.gymregistration.repository.InstructorTests" time="0.043"/>
  <system-out><![CDATA[2024-04-08T14:25:12.421-04:00  INFO 97837 --- [    Test worker] t.c.s.AnnotationConfigContextLoaderUtils : Could not detect default configuration classes for test class [ca.mcgill.ecse321.gymregistration.repository.InstructorTests]: InstructorTests does not declare any static, non-private, non-final, nested classes annotated with @Configuration.
2024-04-08T14:25:12.422-04:00  INFO 97837 --- [    Test worker] .b.t.c.SpringBootTestContextBootstrapper : Found @SpringBootConfiguration ca.mcgill.ecse321.gymregistration.GymregistrationApplication for test class ca.mcgill.ecse321.gymregistration.repository.InstructorTests
]]></system-out>
  <system-err><![CDATA[]]></system-err>
</testsuite>
